2022-08-27 17:37:22,299 - root - INFO - Running experiment it: - 0
2022-08-27 19:26:45,376 - root - INFO - Running experiment it: - 0
2022-08-27 19:29:07,108 - root - INFO - Running experiment it: - 0
2022-08-27 19:30:20,119 - root - INFO - Running experiment it: - 0
2022-08-27 19:30:20,122 - root - INFO -  Performing simulation: 0 
2022-08-27 19:55:36,019 - root - INFO - Running experiment it: - 0
2022-08-27 19:56:45,944 - root - INFO - Running experiment it: - 0
2022-08-27 19:56:45,946 - root - INFO -  Performing simulation: 0 
2022-08-27 21:00:56,034 - root - INFO - Running experiment it: - 0
2022-08-27 21:00:56,036 - root - INFO -  Performing simulation: 0 
2022-08-28 18:58:09,882 - root - INFO - Running experiment it: - 0
2022-08-28 18:58:50,627 - root - INFO - Running experiment it: - 0
2022-08-28 18:59:19,345 - root - INFO - Running experiment it: - 0
2022-08-28 18:59:19,351 - root - INFO -  Performing simulation: 0 
2022-08-28 18:59:33,775 - root - INFO - Running experiment it: - 0
2022-08-28 19:15:15,952 - root - INFO - Running experiment it: - 0
2022-08-28 19:15:15,956 - root - INFO -  Performing simulation: 0 
2022-08-29 13:29:56,913 - root - INFO - Running experiment it: - 0
2022-08-29 13:29:56,922 - root - INFO -  Performing simulation: 0 
2022-08-29 13:31:13,504 - root - INFO - Running experiment it: - 0
2022-08-29 13:31:13,510 - root - INFO -  Performing simulation: 0 
2022-08-29 13:54:46,024 - root - INFO - Running experiment it: - 0
2022-08-29 13:54:46,032 - root - INFO -  Performing simulation: 0 
2022-09-07 15:37:18,652 - root - INFO - Running experiment it: - 0
2022-09-07 15:37:18,661 - root - INFO -  Performing simulation: 0 
2022-09-11 14:33:55,701 - root - INFO - Running experiment it: - 0
2022-09-11 14:34:39,788 - root - INFO - Running experiment it: - 0
2022-09-11 14:37:21,102 - root - INFO - Running experiment it: - 0
2022-09-11 14:37:21,107 - root - INFO -  Performing simulation: 0 
2022-09-11 14:53:49,427 - root - INFO - Running experiment it: - 0
2022-09-11 14:53:49,436 - root - INFO -  Performing simulation: 0 
2022-09-11 15:00:18,331 - root - INFO - Running experiment it: - 0
2022-09-11 15:00:18,337 - root - INFO -  Performing simulation: 0 
2022-09-11 15:02:16,413 - root - INFO - Running experiment it: - 0
2022-09-11 15:02:16,422 - root - INFO -  Performing simulation: 0 
2022-09-11 15:03:12,897 - root - INFO - Running experiment it: - 0
2022-09-11 15:03:12,900 - root - INFO -  Performing simulation: 0 
2022-09-11 15:23:32,942 - root - INFO - Running experiment it: - 0
2022-09-11 15:23:32,949 - root - INFO -  Performing simulation: 0 
2022-09-11 16:57:34,178 - root - INFO - Running experiment it: - 0
2022-09-11 16:57:34,187 - root - INFO -  Performing simulation: 0 
2022-09-11 16:57:54,719 - root - INFO - Running experiment it: - 0
2022-09-11 16:57:54,726 - root - INFO -  Performing simulation: 0 
2022-09-11 17:01:42,682 - root - INFO - Running experiment it: - 0
2022-09-11 17:01:42,685 - root - INFO -  Performing simulation: 0 
2022-09-11 17:04:18,627 - root - INFO - Running experiment it: - 0
2022-09-11 17:04:18,630 - root - INFO -  Performing simulation: 0 
2022-09-11 17:04:46,807 - root - INFO - Running experiment it: - 0
2022-09-11 17:04:46,811 - root - INFO -  Performing simulation: 0 
2022-09-11 17:07:53,299 - root - INFO - Running experiment it: - 0
2022-09-11 17:07:53,306 - root - INFO -  Performing simulation: 0 
2022-09-11 17:21:59,366 - root - INFO - Running experiment it: - 0
2022-09-11 17:21:59,370 - root - INFO -  Performing simulation: 0 
2022-09-11 17:22:12,779 - root - INFO - Running experiment it: - 0
2022-09-11 17:22:12,782 - root - INFO -  Performing simulation: 0 
2022-09-11 17:34:00,971 - root - INFO - Running experiment it: - 0
2022-09-11 17:34:00,975 - root - INFO -  Performing simulation: 0 
2022-09-11 17:34:00,976 - yafs.selection - WARNING - There is no path between two nodes: 1 - 15 
2022-09-11 17:34:00,976 - yafs.selection - WARNING - There is no path between two nodes: 1 - 15 
2022-09-11 17:34:00,976 - yafs.selection - WARNING - There is no path between two nodes: 1 - 15 
2022-09-11 17:34:00,976 - yafs.selection - WARNING - There is no path between two nodes: 1 - 15 
2022-09-11 17:34:00,976 - yafs.selection - WARNING - There is no path between two nodes: 1 - 15 
2022-09-11 17:34:00,977 - yafs.selection - WARNING - There is no path between two nodes: 1 - 15 
2022-09-11 17:34:00,977 - yafs.selection - WARNING - There is no path between two nodes: 1 - 15 
2022-09-11 17:34:00,977 - yafs.selection - WARNING - There is no path between two nodes: 1 - 15 
2022-09-11 17:34:00,977 - yafs.selection - WARNING - There is no path between two nodes: 1 - 15 
2022-09-11 17:34:00,977 - yafs.selection - WARNING - There is no path between two nodes: 1 - 15 
2022-09-11 17:34:00,977 - yafs.selection - WARNING - There is no path between two nodes: 1 - 15 
2022-09-11 17:34:00,977 - yafs.selection - WARNING - There is no path between two nodes: 1 - 15 
2022-09-11 17:34:00,977 - yafs.selection - WARNING - There is no path between two nodes: 1 - 15 
2022-09-11 17:34:00,978 - yafs.selection - WARNING - There is no path between two nodes: 1 - 15 
2022-09-11 17:34:00,978 - yafs.selection - WARNING - There is no path between two nodes: 1 - 15 
2022-09-11 17:34:00,978 - yafs.selection - WARNING - There is no path between two nodes: 1 - 15 
2022-09-11 17:34:00,978 - yafs.selection - WARNING - There is no path between two nodes: 1 - 15 
2022-09-11 17:34:00,978 - yafs.selection - WARNING - There is no path between two nodes: 1 - 15 
2022-09-11 17:34:00,978 - yafs.selection - WARNING - There is no path between two nodes: 1 - 15 
2022-09-11 17:34:00,978 - yafs.selection - WARNING - There is no path between two nodes: 1 - 15 
2022-09-11 17:34:00,978 - yafs.selection - WARNING - There is no path between two nodes: 1 - 15 
2022-09-11 17:34:00,978 - yafs.selection - WARNING - There is no path between two nodes: 1 - 15 
2022-09-11 17:34:00,979 - yafs.selection - WARNING - There is no path between two nodes: 1 - 15 
2022-09-11 17:34:00,979 - yafs.selection - WARNING - There is no path between two nodes: 1 - 15 
2022-09-11 17:34:00,979 - yafs.selection - WARNING - There is no path between two nodes: 1 - 15 
2022-09-11 17:34:00,979 - yafs.selection - WARNING - There is no path between two nodes: 1 - 15 
2022-09-11 17:34:00,979 - yafs.selection - WARNING - There is no path between two nodes: 1 - 15 
2022-09-11 17:34:00,979 - yafs.selection - WARNING - There is no path between two nodes: 1 - 15 
2022-09-11 17:34:00,979 - yafs.selection - WARNING - There is no path between two nodes: 1 - 15 
2022-09-11 17:34:00,979 - yafs.selection - WARNING - There is no path between two nodes: 1 - 15 
2022-09-11 17:34:00,979 - yafs.selection - WARNING - There is no path between two nodes: 1 - 15 
2022-09-11 17:34:00,979 - yafs.selection - WARNING - There is no path between two nodes: 1 - 15 
2022-09-11 17:34:00,980 - yafs.selection - WARNING - There is no path between two nodes: 1 - 15 
2022-09-11 17:34:00,980 - yafs.selection - WARNING - There is no path between two nodes: 1 - 15 
2022-09-11 17:34:00,980 - yafs.selection - WARNING - There is no path between two nodes: 1 - 15 
2022-09-11 17:34:00,980 - yafs.selection - WARNING - There is no path between two nodes: 1 - 15 
2022-09-11 17:34:00,980 - yafs.selection - WARNING - There is no path between two nodes: 1 - 15 
2022-09-11 17:34:00,980 - yafs.selection - WARNING - There is no path between two nodes: 1 - 15 
2022-09-11 17:34:00,980 - yafs.selection - WARNING - There is no path between two nodes: 1 - 15 
2022-09-11 17:34:00,980 - yafs.selection - WARNING - There is no path between two nodes: 1 - 15 
2022-09-11 17:34:00,980 - yafs.selection - WARNING - There is no path between two nodes: 1 - 15 
2022-09-11 17:34:00,980 - yafs.selection - WARNING - There is no path between two nodes: 1 - 15 
2022-09-11 17:34:00,980 - yafs.selection - WARNING - There is no path between two nodes: 1 - 15 
2022-09-11 17:34:00,981 - yafs.selection - WARNING - There is no path between two nodes: 1 - 15 
2022-09-11 17:34:00,981 - yafs.selection - WARNING - There is no path between two nodes: 1 - 15 
2022-09-11 17:34:00,981 - yafs.selection - WARNING - There is no path between two nodes: 1 - 15 
2022-09-11 17:34:00,981 - yafs.selection - WARNING - There is no path between two nodes: 1 - 15 
2022-09-11 17:34:00,981 - yafs.selection - WARNING - There is no path between two nodes: 1 - 15 
2022-09-11 17:34:00,981 - yafs.selection - WARNING - There is no path between two nodes: 1 - 15 
2022-09-11 17:34:00,981 - yafs.selection - WARNING - There is no path between two nodes: 1 - 15 
2022-09-11 17:34:00,982 - yafs.selection - WARNING - There is no path between two nodes: 1 - 15 
2022-09-11 17:34:00,982 - yafs.selection - WARNING - There is no path between two nodes: 1 - 15 
2022-09-11 17:34:00,982 - yafs.selection - WARNING - There is no path between two nodes: 1 - 15 
2022-09-11 17:34:00,982 - yafs.selection - WARNING - There is no path between two nodes: 1 - 15 
2022-09-11 17:34:00,982 - yafs.selection - WARNING - There is no path between two nodes: 1 - 15 
2022-09-11 17:34:00,982 - yafs.selection - WARNING - There is no path between two nodes: 1 - 15 
2022-09-11 17:34:00,982 - yafs.selection - WARNING - There is no path between two nodes: 1 - 15 
2022-09-11 17:34:00,982 - yafs.selection - WARNING - There is no path between two nodes: 1 - 15 
2022-09-11 17:34:00,982 - yafs.selection - WARNING - There is no path between two nodes: 1 - 15 
2022-09-11 17:34:00,982 - yafs.selection - WARNING - There is no path between two nodes: 1 - 15 
2022-09-11 17:34:00,983 - yafs.selection - WARNING - There is no path between two nodes: 1 - 15 
2022-09-11 17:34:00,983 - yafs.selection - WARNING - There is no path between two nodes: 1 - 15 
2022-09-11 17:34:00,983 - yafs.selection - WARNING - There is no path between two nodes: 1 - 15 
2022-09-11 17:34:00,983 - yafs.selection - WARNING - There is no path between two nodes: 1 - 15 
2022-09-11 17:34:00,983 - yafs.selection - WARNING - There is no path between two nodes: 1 - 15 
2022-09-11 17:34:00,983 - yafs.selection - WARNING - There is no path between two nodes: 1 - 15 
2022-09-11 17:34:00,983 - yafs.selection - WARNING - There is no path between two nodes: 1 - 15 
2022-09-11 17:34:00,983 - yafs.selection - WARNING - There is no path between two nodes: 1 - 15 
2022-09-11 17:34:00,983 - yafs.selection - WARNING - There is no path between two nodes: 1 - 15 
2022-09-11 17:34:00,983 - yafs.selection - WARNING - There is no path between two nodes: 1 - 15 
2022-09-11 17:34:00,983 - yafs.selection - WARNING - There is no path between two nodes: 1 - 15 
2022-09-11 17:34:00,984 - yafs.selection - WARNING - There is no path between two nodes: 1 - 15 
2022-09-11 17:34:00,984 - yafs.selection - WARNING - There is no path between two nodes: 1 - 15 
2022-09-11 17:34:00,984 - yafs.selection - WARNING - There is no path between two nodes: 1 - 15 
2022-09-11 17:34:00,984 - yafs.selection - WARNING - There is no path between two nodes: 1 - 15 
2022-09-11 17:34:00,984 - yafs.selection - WARNING - There is no path between two nodes: 1 - 15 
2022-09-11 17:34:00,984 - yafs.selection - WARNING - There is no path between two nodes: 1 - 15 
2022-09-11 17:34:00,984 - yafs.selection - WARNING - There is no path between two nodes: 1 - 15 
2022-09-11 17:34:00,984 - yafs.selection - WARNING - There is no path between two nodes: 1 - 15 
2022-09-11 17:34:00,984 - yafs.selection - WARNING - There is no path between two nodes: 1 - 15 
2022-09-11 17:34:00,985 - yafs.selection - WARNING - There is no path between two nodes: 1 - 15 
2022-09-11 17:34:00,985 - yafs.selection - WARNING - There is no path between two nodes: 1 - 15 
2022-09-11 17:34:00,985 - yafs.selection - WARNING - There is no path between two nodes: 1 - 15 
2022-09-11 17:34:00,985 - yafs.selection - WARNING - There is no path between two nodes: 1 - 15 
2022-09-11 17:34:00,985 - yafs.selection - WARNING - There is no path between two nodes: 1 - 15 
2022-09-11 17:34:00,985 - yafs.selection - WARNING - There is no path between two nodes: 1 - 15 
2022-09-11 17:34:00,985 - yafs.selection - WARNING - There is no path between two nodes: 1 - 15 
2022-09-11 17:34:00,985 - yafs.selection - WARNING - There is no path between two nodes: 1 - 15 
2022-09-11 17:34:00,985 - yafs.selection - WARNING - There is no path between two nodes: 1 - 15 
2022-09-11 17:34:00,985 - yafs.selection - WARNING - There is no path between two nodes: 1 - 15 
2022-09-11 17:34:00,986 - yafs.selection - WARNING - There is no path between two nodes: 1 - 15 
2022-09-11 17:34:00,986 - yafs.selection - WARNING - There is no path between two nodes: 1 - 15 
2022-09-11 17:34:00,986 - yafs.selection - WARNING - There is no path between two nodes: 1 - 15 
2022-09-11 17:34:00,986 - yafs.selection - WARNING - There is no path between two nodes: 1 - 15 
2022-09-11 17:34:00,986 - yafs.selection - WARNING - There is no path between two nodes: 1 - 15 
2022-09-11 17:34:00,986 - yafs.selection - WARNING - There is no path between two nodes: 1 - 15 
2022-09-11 17:34:00,986 - yafs.selection - WARNING - There is no path between two nodes: 1 - 15 
2022-09-11 17:34:00,986 - yafs.selection - WARNING - There is no path between two nodes: 1 - 15 
2022-09-11 17:34:00,986 - yafs.selection - WARNING - There is no path between two nodes: 1 - 15 
2022-09-11 17:34:00,986 - yafs.selection - WARNING - There is no path between two nodes: 1 - 15 
2022-09-11 17:34:00,987 - yafs.selection - WARNING - There is no path between two nodes: 1 - 15 
2022-09-11 17:34:00,987 - yafs.selection - WARNING - There is no path between two nodes: 1 - 15 
2022-09-11 17:34:00,987 - yafs.selection - WARNING - There is no path between two nodes: 1 - 15 
2022-09-11 17:34:00,987 - yafs.selection - WARNING - There is no path between two nodes: 1 - 15 
2022-09-11 17:34:00,987 - yafs.selection - WARNING - There is no path between two nodes: 1 - 15 
2022-09-11 17:34:00,987 - yafs.selection - WARNING - There is no path between two nodes: 1 - 15 
2022-09-11 17:34:00,987 - yafs.selection - WARNING - There is no path between two nodes: 1 - 15 
2022-09-11 17:34:00,987 - yafs.selection - WARNING - There is no path between two nodes: 1 - 15 
2022-09-11 17:34:00,987 - yafs.selection - WARNING - There is no path between two nodes: 1 - 15 
2022-09-11 17:34:00,987 - yafs.selection - WARNING - There is no path between two nodes: 1 - 15 
2022-09-11 17:34:00,987 - yafs.selection - WARNING - There is no path between two nodes: 1 - 15 
2022-09-11 17:34:00,988 - yafs.selection - WARNING - There is no path between two nodes: 1 - 15 
2022-09-11 17:34:00,988 - yafs.selection - WARNING - There is no path between two nodes: 1 - 15 
2022-09-11 17:34:00,988 - yafs.selection - WARNING - There is no path between two nodes: 1 - 15 
2022-09-11 17:34:00,988 - yafs.selection - WARNING - There is no path between two nodes: 1 - 15 
2022-09-11 17:34:00,988 - yafs.selection - WARNING - There is no path between two nodes: 1 - 15 
2022-09-11 17:34:00,988 - yafs.selection - WARNING - There is no path between two nodes: 1 - 15 
2022-09-11 17:34:00,988 - yafs.selection - WARNING - There is no path between two nodes: 1 - 15 
2022-09-11 17:34:00,988 - yafs.selection - WARNING - There is no path between two nodes: 1 - 15 
2022-09-11 17:34:00,988 - yafs.selection - WARNING - There is no path between two nodes: 1 - 15 
2022-09-11 17:34:00,988 - yafs.selection - WARNING - There is no path between two nodes: 1 - 15 
2022-09-11 17:34:00,989 - yafs.selection - WARNING - There is no path between two nodes: 1 - 15 
2022-09-11 17:34:00,989 - yafs.selection - WARNING - There is no path between two nodes: 1 - 15 
2022-09-11 17:34:00,989 - yafs.selection - WARNING - There is no path between two nodes: 1 - 15 
2022-09-11 17:34:00,989 - yafs.selection - WARNING - There is no path between two nodes: 1 - 15 
2022-09-11 17:34:00,989 - yafs.selection - WARNING - There is no path between two nodes: 1 - 15 
2022-09-11 17:34:00,989 - yafs.selection - WARNING - There is no path between two nodes: 1 - 15 
2022-09-11 17:34:00,989 - yafs.selection - WARNING - There is no path between two nodes: 1 - 15 
2022-09-11 17:34:00,989 - yafs.selection - WARNING - There is no path between two nodes: 1 - 15 
2022-09-11 17:34:00,989 - yafs.selection - WARNING - There is no path between two nodes: 1 - 15 
2022-09-11 17:34:00,989 - yafs.selection - WARNING - There is no path between two nodes: 1 - 15 
2022-09-11 17:34:00,990 - yafs.selection - WARNING - There is no path between two nodes: 1 - 15 
2022-09-11 17:34:00,990 - yafs.selection - WARNING - There is no path between two nodes: 1 - 15 
2022-09-11 17:34:00,990 - yafs.selection - WARNING - There is no path between two nodes: 1 - 15 
2022-09-11 17:34:00,990 - yafs.selection - WARNING - There is no path between two nodes: 1 - 15 
2022-09-11 17:34:00,990 - yafs.selection - WARNING - There is no path between two nodes: 1 - 15 
2022-09-11 17:34:00,990 - yafs.selection - WARNING - There is no path between two nodes: 1 - 15 
2022-09-11 17:34:00,990 - yafs.selection - WARNING - There is no path between two nodes: 1 - 15 
2022-09-11 17:34:00,990 - yafs.selection - WARNING - There is no path between two nodes: 1 - 15 
2022-09-11 17:34:00,990 - yafs.selection - WARNING - There is no path between two nodes: 1 - 15 
2022-09-11 17:34:00,990 - yafs.selection - WARNING - There is no path between two nodes: 1 - 15 
2022-09-11 17:34:00,991 - yafs.selection - WARNING - There is no path between two nodes: 1 - 15 
2022-09-11 17:34:00,991 - yafs.selection - WARNING - There is no path between two nodes: 1 - 15 
2022-09-11 17:34:00,991 - yafs.selection - WARNING - There is no path between two nodes: 1 - 15 
2022-09-11 17:34:00,991 - yafs.selection - WARNING - There is no path between two nodes: 1 - 15 
2022-09-11 17:34:00,991 - yafs.selection - WARNING - There is no path between two nodes: 1 - 15 
2022-09-11 17:34:00,991 - yafs.selection - WARNING - There is no path between two nodes: 1 - 15 
2022-09-11 17:34:00,991 - yafs.selection - WARNING - There is no path between two nodes: 1 - 15 
2022-09-11 17:34:00,991 - yafs.selection - WARNING - There is no path between two nodes: 1 - 15 
2022-09-11 17:34:00,991 - yafs.selection - WARNING - There is no path between two nodes: 1 - 15 
2022-09-11 17:34:00,992 - yafs.selection - WARNING - There is no path between two nodes: 1 - 15 
2022-09-11 17:34:00,992 - yafs.selection - WARNING - There is no path between two nodes: 1 - 15 
2022-09-11 17:34:00,992 - yafs.selection - WARNING - There is no path between two nodes: 1 - 15 
2022-09-11 17:34:00,992 - yafs.selection - WARNING - There is no path between two nodes: 1 - 15 
2022-09-11 17:34:00,992 - yafs.selection - WARNING - There is no path between two nodes: 1 - 15 
2022-09-11 17:34:00,992 - yafs.selection - WARNING - There is no path between two nodes: 1 - 15 
2022-09-11 17:34:00,992 - yafs.selection - WARNING - There is no path between two nodes: 1 - 15 
2022-09-11 17:34:00,992 - yafs.selection - WARNING - There is no path between two nodes: 1 - 15 
2022-09-11 17:34:00,993 - yafs.selection - WARNING - There is no path between two nodes: 1 - 15 
2022-09-11 17:34:00,993 - yafs.selection - WARNING - There is no path between two nodes: 1 - 15 
2022-09-11 17:34:00,993 - yafs.selection - WARNING - There is no path between two nodes: 1 - 15 
2022-09-11 17:34:00,993 - yafs.selection - WARNING - There is no path between two nodes: 1 - 15 
2022-09-11 17:34:00,993 - yafs.selection - WARNING - There is no path between two nodes: 1 - 15 
2022-09-11 17:34:00,993 - yafs.selection - WARNING - There is no path between two nodes: 1 - 15 
2022-09-11 17:34:00,993 - yafs.selection - WARNING - There is no path between two nodes: 1 - 15 
2022-09-11 17:34:00,994 - yafs.selection - WARNING - There is no path between two nodes: 1 - 15 
2022-09-11 17:34:00,994 - yafs.selection - WARNING - There is no path between two nodes: 1 - 15 
2022-09-11 17:34:00,994 - yafs.selection - WARNING - There is no path between two nodes: 1 - 15 
2022-09-11 17:34:00,994 - yafs.selection - WARNING - There is no path between two nodes: 1 - 15 
2022-09-11 17:34:00,994 - yafs.selection - WARNING - There is no path between two nodes: 1 - 15 
2022-09-11 17:34:00,994 - yafs.selection - WARNING - There is no path between two nodes: 1 - 15 
2022-09-11 17:34:00,994 - yafs.selection - WARNING - There is no path between two nodes: 1 - 15 
2022-09-11 17:34:00,994 - yafs.selection - WARNING - There is no path between two nodes: 1 - 15 
2022-09-11 17:34:00,994 - yafs.selection - WARNING - There is no path between two nodes: 1 - 15 
2022-09-11 17:34:00,995 - yafs.selection - WARNING - There is no path between two nodes: 1 - 15 
2022-09-11 17:34:00,995 - yafs.selection - WARNING - There is no path between two nodes: 1 - 15 
2022-09-11 17:34:00,995 - yafs.selection - WARNING - There is no path between two nodes: 1 - 15 
2022-09-11 17:34:00,995 - yafs.selection - WARNING - There is no path between two nodes: 1 - 15 
2022-09-11 17:34:00,995 - yafs.selection - WARNING - There is no path between two nodes: 1 - 15 
2022-09-11 17:34:00,995 - yafs.selection - WARNING - There is no path between two nodes: 1 - 15 
2022-09-11 17:34:00,995 - yafs.selection - WARNING - There is no path between two nodes: 1 - 15 
2022-09-11 17:34:00,995 - yafs.selection - WARNING - There is no path between two nodes: 1 - 15 
2022-09-11 17:34:00,995 - yafs.selection - WARNING - There is no path between two nodes: 1 - 15 
2022-09-11 17:34:00,996 - yafs.selection - WARNING - There is no path between two nodes: 1 - 15 
2022-09-11 17:34:00,996 - yafs.selection - WARNING - There is no path between two nodes: 1 - 15 
2022-09-11 17:34:00,996 - yafs.selection - WARNING - There is no path between two nodes: 1 - 15 
2022-09-11 17:34:00,996 - yafs.selection - WARNING - There is no path between two nodes: 1 - 15 
2022-09-11 17:34:00,996 - yafs.selection - WARNING - There is no path between two nodes: 1 - 15 
2022-09-11 17:34:00,996 - yafs.selection - WARNING - There is no path between two nodes: 1 - 15 
2022-09-11 17:34:00,996 - yafs.selection - WARNING - There is no path between two nodes: 1 - 15 
2022-09-11 17:34:00,996 - yafs.selection - WARNING - There is no path between two nodes: 1 - 15 
2022-09-11 17:34:00,996 - yafs.selection - WARNING - There is no path between two nodes: 1 - 15 
2022-09-11 17:34:00,996 - yafs.selection - WARNING - There is no path between two nodes: 1 - 15 
2022-09-11 17:34:00,997 - yafs.selection - WARNING - There is no path between two nodes: 1 - 15 
2022-09-11 17:34:00,997 - yafs.selection - WARNING - There is no path between two nodes: 1 - 15 
2022-09-11 17:34:00,997 - yafs.selection - WARNING - There is no path between two nodes: 1 - 15 
2022-09-11 17:34:00,997 - yafs.selection - WARNING - There is no path between two nodes: 1 - 15 
2022-09-11 17:34:00,997 - yafs.selection - WARNING - There is no path between two nodes: 1 - 15 
2022-09-11 17:34:00,997 - yafs.selection - WARNING - There is no path between two nodes: 1 - 15 
2022-09-11 17:34:33,421 - root - INFO - Running experiment it: - 0
2022-09-11 17:34:33,424 - root - INFO -  Performing simulation: 0 
2022-09-11 17:53:14,961 - root - INFO - Running experiment it: - 0
2022-09-11 17:53:56,552 - root - INFO - Running experiment it: - 0
2022-09-11 17:53:56,555 - root - INFO -  Performing simulation: 0 
2022-09-11 17:53:56,555 - yafs.core - WARNING - (#DES:0)	--- Unreacheable DST:	M.USER.APP.0 
2022-09-11 17:53:56,555 - yafs.core - WARNING - (#DES:0)	--- Unreacheable DST:	M.USER.APP.0 
2022-09-11 17:53:56,555 - yafs.core - WARNING - (#DES:0)	--- Unreacheable DST:	M.USER.APP.0 
2022-09-11 17:53:56,555 - yafs.core - WARNING - (#DES:0)	--- Unreacheable DST:	M.USER.APP.0 
2022-09-11 17:53:56,555 - yafs.core - WARNING - (#DES:0)	--- Unreacheable DST:	M.USER.APP.0 
2022-09-11 17:53:56,555 - yafs.core - WARNING - (#DES:0)	--- Unreacheable DST:	M.USER.APP.0 
2022-09-11 17:53:56,555 - yafs.core - WARNING - (#DES:0)	--- Unreacheable DST:	M.USER.APP.0 
2022-09-11 17:53:56,555 - yafs.core - WARNING - (#DES:0)	--- Unreacheable DST:	M.USER.APP.0 
2022-09-11 17:53:56,555 - yafs.core - WARNING - (#DES:0)	--- Unreacheable DST:	M.USER.APP.0 
2022-09-11 17:53:56,556 - yafs.core - WARNING - (#DES:0)	--- Unreacheable DST:	M.USER.APP.0 
2022-09-11 17:53:56,556 - yafs.core - WARNING - (#DES:0)	--- Unreacheable DST:	M.USER.APP.0 
2022-09-11 17:53:56,556 - yafs.core - WARNING - (#DES:0)	--- Unreacheable DST:	M.USER.APP.0 
2022-09-11 17:53:56,556 - yafs.core - WARNING - (#DES:0)	--- Unreacheable DST:	M.USER.APP.0 
2022-09-11 17:53:56,556 - yafs.core - WARNING - (#DES:0)	--- Unreacheable DST:	M.USER.APP.0 
2022-09-11 17:53:56,556 - yafs.core - WARNING - (#DES:0)	--- Unreacheable DST:	M.USER.APP.0 
2022-09-11 17:53:56,556 - yafs.core - WARNING - (#DES:0)	--- Unreacheable DST:	M.USER.APP.0 
2022-09-11 17:53:56,556 - yafs.core - WARNING - (#DES:0)	--- Unreacheable DST:	M.USER.APP.0 
2022-09-11 17:53:56,556 - yafs.core - WARNING - (#DES:0)	--- Unreacheable DST:	M.USER.APP.0 
2022-09-11 17:53:56,556 - yafs.core - WARNING - (#DES:0)	--- Unreacheable DST:	M.USER.APP.0 
2022-09-11 17:53:56,556 - yafs.core - WARNING - (#DES:0)	--- Unreacheable DST:	M.USER.APP.0 
2022-09-11 17:53:56,557 - yafs.core - WARNING - (#DES:0)	--- Unreacheable DST:	M.USER.APP.0 
2022-09-11 17:53:56,557 - yafs.core - WARNING - (#DES:0)	--- Unreacheable DST:	M.USER.APP.0 
2022-09-11 17:53:56,557 - yafs.core - WARNING - (#DES:0)	--- Unreacheable DST:	M.USER.APP.0 
2022-09-11 17:53:56,557 - yafs.core - WARNING - (#DES:0)	--- Unreacheable DST:	M.USER.APP.0 
2022-09-11 17:53:56,557 - yafs.core - WARNING - (#DES:0)	--- Unreacheable DST:	M.USER.APP.0 
2022-09-11 17:53:56,557 - yafs.core - WARNING - (#DES:0)	--- Unreacheable DST:	M.USER.APP.0 
2022-09-11 17:53:56,557 - yafs.core - WARNING - (#DES:0)	--- Unreacheable DST:	M.USER.APP.0 
2022-09-11 17:53:56,557 - yafs.core - WARNING - (#DES:0)	--- Unreacheable DST:	M.USER.APP.0 
2022-09-11 17:53:56,557 - yafs.core - WARNING - (#DES:0)	--- Unreacheable DST:	M.USER.APP.0 
2022-09-11 17:53:56,558 - yafs.core - WARNING - (#DES:0)	--- Unreacheable DST:	M.USER.APP.0 
2022-09-11 17:53:56,558 - yafs.core - WARNING - (#DES:0)	--- Unreacheable DST:	M.USER.APP.0 
2022-09-11 17:53:56,558 - yafs.core - WARNING - (#DES:0)	--- Unreacheable DST:	M.USER.APP.0 
2022-09-11 17:53:56,558 - yafs.core - WARNING - (#DES:0)	--- Unreacheable DST:	M.USER.APP.0 
2022-09-11 17:53:56,558 - yafs.core - WARNING - (#DES:0)	--- Unreacheable DST:	M.USER.APP.0 
2022-09-11 17:53:56,558 - yafs.core - WARNING - (#DES:0)	--- Unreacheable DST:	M.USER.APP.0 
2022-09-11 17:53:56,558 - yafs.core - WARNING - (#DES:0)	--- Unreacheable DST:	M.USER.APP.0 
2022-09-11 17:53:56,558 - yafs.core - WARNING - (#DES:0)	--- Unreacheable DST:	M.USER.APP.0 
2022-09-11 17:53:56,558 - yafs.core - WARNING - (#DES:0)	--- Unreacheable DST:	M.USER.APP.0 
2022-09-11 17:53:56,558 - yafs.core - WARNING - (#DES:0)	--- Unreacheable DST:	M.USER.APP.0 
2022-09-11 17:53:56,558 - yafs.core - WARNING - (#DES:0)	--- Unreacheable DST:	M.USER.APP.0 
2022-09-11 17:53:56,558 - yafs.core - WARNING - (#DES:0)	--- Unreacheable DST:	M.USER.APP.0 
2022-09-11 17:53:56,559 - yafs.core - WARNING - (#DES:0)	--- Unreacheable DST:	M.USER.APP.0 
2022-09-11 17:53:56,559 - yafs.core - WARNING - (#DES:0)	--- Unreacheable DST:	M.USER.APP.0 
2022-09-11 17:53:56,559 - yafs.core - WARNING - (#DES:0)	--- Unreacheable DST:	M.USER.APP.0 
2022-09-11 17:53:56,559 - yafs.core - WARNING - (#DES:0)	--- Unreacheable DST:	M.USER.APP.0 
2022-09-11 17:53:56,559 - yafs.core - WARNING - (#DES:0)	--- Unreacheable DST:	M.USER.APP.0 
2022-09-11 17:53:56,559 - yafs.core - WARNING - (#DES:0)	--- Unreacheable DST:	M.USER.APP.0 
2022-09-11 17:53:56,559 - yafs.core - WARNING - (#DES:0)	--- Unreacheable DST:	M.USER.APP.0 
2022-09-11 17:53:56,559 - yafs.core - WARNING - (#DES:0)	--- Unreacheable DST:	M.USER.APP.0 
2022-09-11 17:53:56,559 - yafs.core - WARNING - (#DES:0)	--- Unreacheable DST:	M.USER.APP.0 
2022-09-11 17:53:56,559 - yafs.core - WARNING - (#DES:0)	--- Unreacheable DST:	M.USER.APP.0 
2022-09-11 17:53:56,559 - yafs.core - WARNING - (#DES:0)	--- Unreacheable DST:	M.USER.APP.0 
2022-09-11 17:53:56,559 - yafs.core - WARNING - (#DES:0)	--- Unreacheable DST:	M.USER.APP.0 
2022-09-11 17:53:56,559 - yafs.core - WARNING - (#DES:0)	--- Unreacheable DST:	M.USER.APP.0 
2022-09-11 17:53:56,560 - yafs.core - WARNING - (#DES:0)	--- Unreacheable DST:	M.USER.APP.0 
2022-09-11 17:53:56,560 - yafs.core - WARNING - (#DES:0)	--- Unreacheable DST:	M.USER.APP.0 
2022-09-11 17:53:56,560 - yafs.core - WARNING - (#DES:0)	--- Unreacheable DST:	M.USER.APP.0 
2022-09-11 17:53:56,560 - yafs.core - WARNING - (#DES:0)	--- Unreacheable DST:	M.USER.APP.0 
2022-09-11 17:53:56,560 - yafs.core - WARNING - (#DES:0)	--- Unreacheable DST:	M.USER.APP.0 
2022-09-11 17:53:56,560 - yafs.core - WARNING - (#DES:0)	--- Unreacheable DST:	M.USER.APP.0 
2022-09-11 17:53:56,560 - yafs.core - WARNING - (#DES:0)	--- Unreacheable DST:	M.USER.APP.0 
2022-09-11 17:53:56,560 - yafs.core - WARNING - (#DES:0)	--- Unreacheable DST:	M.USER.APP.0 
2022-09-11 17:53:56,560 - yafs.core - WARNING - (#DES:0)	--- Unreacheable DST:	M.USER.APP.0 
2022-09-11 17:53:56,560 - yafs.core - WARNING - (#DES:0)	--- Unreacheable DST:	M.USER.APP.0 
2022-09-11 17:53:56,560 - yafs.core - WARNING - (#DES:0)	--- Unreacheable DST:	M.USER.APP.0 
2022-09-11 17:53:56,561 - yafs.core - WARNING - (#DES:0)	--- Unreacheable DST:	M.USER.APP.0 
2022-09-11 17:53:56,561 - yafs.core - WARNING - (#DES:0)	--- Unreacheable DST:	M.USER.APP.0 
2022-09-11 17:53:56,561 - yafs.core - WARNING - (#DES:0)	--- Unreacheable DST:	M.USER.APP.0 
2022-09-11 17:53:56,561 - yafs.core - WARNING - (#DES:0)	--- Unreacheable DST:	M.USER.APP.0 
2022-09-11 17:53:56,561 - yafs.core - WARNING - (#DES:0)	--- Unreacheable DST:	M.USER.APP.0 
2022-09-11 17:53:56,561 - yafs.core - WARNING - (#DES:0)	--- Unreacheable DST:	M.USER.APP.0 
2022-09-11 17:53:56,561 - yafs.core - WARNING - (#DES:0)	--- Unreacheable DST:	M.USER.APP.0 
2022-09-11 17:53:56,561 - yafs.core - WARNING - (#DES:0)	--- Unreacheable DST:	M.USER.APP.0 
2022-09-11 17:53:56,561 - yafs.core - WARNING - (#DES:0)	--- Unreacheable DST:	M.USER.APP.0 
2022-09-11 17:53:56,561 - yafs.core - WARNING - (#DES:0)	--- Unreacheable DST:	M.USER.APP.0 
2022-09-11 17:53:56,561 - yafs.core - WARNING - (#DES:0)	--- Unreacheable DST:	M.USER.APP.0 
2022-09-11 17:53:56,562 - yafs.core - WARNING - (#DES:0)	--- Unreacheable DST:	M.USER.APP.0 
2022-09-11 17:53:56,562 - yafs.core - WARNING - (#DES:0)	--- Unreacheable DST:	M.USER.APP.0 
2022-09-11 17:53:56,562 - yafs.core - WARNING - (#DES:0)	--- Unreacheable DST:	M.USER.APP.0 
2022-09-11 17:53:56,562 - yafs.core - WARNING - (#DES:0)	--- Unreacheable DST:	M.USER.APP.0 
2022-09-11 17:53:56,562 - yafs.core - WARNING - (#DES:0)	--- Unreacheable DST:	M.USER.APP.0 
2022-09-11 17:53:56,562 - yafs.core - WARNING - (#DES:0)	--- Unreacheable DST:	M.USER.APP.0 
2022-09-11 17:53:56,562 - yafs.core - WARNING - (#DES:0)	--- Unreacheable DST:	M.USER.APP.0 
2022-09-11 17:53:56,562 - yafs.core - WARNING - (#DES:0)	--- Unreacheable DST:	M.USER.APP.0 
2022-09-11 17:53:56,563 - yafs.core - WARNING - (#DES:0)	--- Unreacheable DST:	M.USER.APP.0 
2022-09-11 17:53:56,563 - yafs.core - WARNING - (#DES:0)	--- Unreacheable DST:	M.USER.APP.0 
2022-09-11 17:53:56,563 - yafs.core - WARNING - (#DES:0)	--- Unreacheable DST:	M.USER.APP.0 
2022-09-11 17:53:56,563 - yafs.core - WARNING - (#DES:0)	--- Unreacheable DST:	M.USER.APP.0 
2022-09-11 17:53:56,563 - yafs.core - WARNING - (#DES:0)	--- Unreacheable DST:	M.USER.APP.0 
2022-09-11 17:53:56,563 - yafs.core - WARNING - (#DES:0)	--- Unreacheable DST:	M.USER.APP.0 
2022-09-11 17:53:56,563 - yafs.core - WARNING - (#DES:0)	--- Unreacheable DST:	M.USER.APP.0 
2022-09-11 17:53:56,563 - yafs.core - WARNING - (#DES:0)	--- Unreacheable DST:	M.USER.APP.0 
2022-09-11 17:53:56,563 - yafs.core - WARNING - (#DES:0)	--- Unreacheable DST:	M.USER.APP.0 
2022-09-11 17:53:56,563 - yafs.core - WARNING - (#DES:0)	--- Unreacheable DST:	M.USER.APP.0 
2022-09-11 17:53:56,563 - yafs.core - WARNING - (#DES:0)	--- Unreacheable DST:	M.USER.APP.0 
2022-09-11 17:53:56,563 - yafs.core - WARNING - (#DES:0)	--- Unreacheable DST:	M.USER.APP.0 
2022-09-11 17:53:56,564 - yafs.core - WARNING - (#DES:0)	--- Unreacheable DST:	M.USER.APP.0 
2022-09-11 17:53:56,564 - yafs.core - WARNING - (#DES:0)	--- Unreacheable DST:	M.USER.APP.0 
2022-09-11 17:53:56,564 - yafs.core - WARNING - (#DES:0)	--- Unreacheable DST:	M.USER.APP.0 
2022-09-11 17:53:56,564 - yafs.core - WARNING - (#DES:0)	--- Unreacheable DST:	M.USER.APP.0 
2022-09-11 17:53:56,564 - yafs.core - WARNING - (#DES:0)	--- Unreacheable DST:	M.USER.APP.0 
2022-09-11 17:53:56,564 - yafs.core - WARNING - (#DES:0)	--- Unreacheable DST:	M.USER.APP.0 
2022-09-11 17:53:56,564 - yafs.core - WARNING - (#DES:0)	--- Unreacheable DST:	M.USER.APP.0 
2022-09-11 17:53:56,564 - yafs.core - WARNING - (#DES:0)	--- Unreacheable DST:	M.USER.APP.0 
2022-09-11 17:53:56,564 - yafs.core - WARNING - (#DES:0)	--- Unreacheable DST:	M.USER.APP.0 
2022-09-11 17:53:56,564 - yafs.core - WARNING - (#DES:0)	--- Unreacheable DST:	M.USER.APP.0 
2022-09-11 17:53:56,564 - yafs.core - WARNING - (#DES:0)	--- Unreacheable DST:	M.USER.APP.0 
2022-09-11 17:53:56,564 - yafs.core - WARNING - (#DES:0)	--- Unreacheable DST:	M.USER.APP.0 
2022-09-11 17:53:56,564 - yafs.core - WARNING - (#DES:0)	--- Unreacheable DST:	M.USER.APP.0 
2022-09-11 17:53:56,565 - yafs.core - WARNING - (#DES:0)	--- Unreacheable DST:	M.USER.APP.0 
2022-09-11 17:53:56,565 - yafs.core - WARNING - (#DES:0)	--- Unreacheable DST:	M.USER.APP.0 
2022-09-11 17:53:56,565 - yafs.core - WARNING - (#DES:0)	--- Unreacheable DST:	M.USER.APP.0 
2022-09-11 17:53:56,565 - yafs.core - WARNING - (#DES:0)	--- Unreacheable DST:	M.USER.APP.0 
2022-09-11 17:53:56,565 - yafs.core - WARNING - (#DES:0)	--- Unreacheable DST:	M.USER.APP.0 
2022-09-11 17:53:56,565 - yafs.core - WARNING - (#DES:0)	--- Unreacheable DST:	M.USER.APP.0 
2022-09-11 17:53:56,565 - yafs.core - WARNING - (#DES:0)	--- Unreacheable DST:	M.USER.APP.0 
2022-09-11 17:53:56,565 - yafs.core - WARNING - (#DES:0)	--- Unreacheable DST:	M.USER.APP.0 
2022-09-11 17:53:56,565 - yafs.core - WARNING - (#DES:0)	--- Unreacheable DST:	M.USER.APP.0 
2022-09-11 17:53:56,565 - yafs.core - WARNING - (#DES:0)	--- Unreacheable DST:	M.USER.APP.0 
2022-09-11 17:53:56,565 - yafs.core - WARNING - (#DES:0)	--- Unreacheable DST:	M.USER.APP.0 
2022-09-11 17:53:56,566 - yafs.core - WARNING - (#DES:0)	--- Unreacheable DST:	M.USER.APP.0 
2022-09-11 17:53:56,566 - yafs.core - WARNING - (#DES:0)	--- Unreacheable DST:	M.USER.APP.0 
2022-09-11 17:53:56,566 - yafs.core - WARNING - (#DES:0)	--- Unreacheable DST:	M.USER.APP.0 
2022-09-11 17:53:56,566 - yafs.core - WARNING - (#DES:0)	--- Unreacheable DST:	M.USER.APP.0 
2022-09-11 17:53:56,566 - yafs.core - WARNING - (#DES:0)	--- Unreacheable DST:	M.USER.APP.0 
2022-09-11 17:53:56,566 - yafs.core - WARNING - (#DES:0)	--- Unreacheable DST:	M.USER.APP.0 
2022-09-11 17:53:56,566 - yafs.core - WARNING - (#DES:0)	--- Unreacheable DST:	M.USER.APP.0 
2022-09-11 17:53:56,566 - yafs.core - WARNING - (#DES:0)	--- Unreacheable DST:	M.USER.APP.0 
2022-09-11 17:53:56,566 - yafs.core - WARNING - (#DES:0)	--- Unreacheable DST:	M.USER.APP.0 
2022-09-11 17:53:56,566 - yafs.core - WARNING - (#DES:0)	--- Unreacheable DST:	M.USER.APP.0 
2022-09-11 17:53:56,566 - yafs.core - WARNING - (#DES:0)	--- Unreacheable DST:	M.USER.APP.0 
2022-09-11 17:53:56,566 - yafs.core - WARNING - (#DES:0)	--- Unreacheable DST:	M.USER.APP.0 
2022-09-11 17:53:56,566 - yafs.core - WARNING - (#DES:0)	--- Unreacheable DST:	M.USER.APP.0 
2022-09-11 17:53:56,567 - yafs.core - WARNING - (#DES:0)	--- Unreacheable DST:	M.USER.APP.0 
2022-09-11 17:53:56,567 - yafs.core - WARNING - (#DES:0)	--- Unreacheable DST:	M.USER.APP.0 
2022-09-11 17:53:56,567 - yafs.core - WARNING - (#DES:0)	--- Unreacheable DST:	M.USER.APP.0 
2022-09-11 17:53:56,567 - yafs.core - WARNING - (#DES:0)	--- Unreacheable DST:	M.USER.APP.0 
2022-09-11 17:53:56,567 - yafs.core - WARNING - (#DES:0)	--- Unreacheable DST:	M.USER.APP.0 
2022-09-11 17:53:56,567 - yafs.core - WARNING - (#DES:0)	--- Unreacheable DST:	M.USER.APP.0 
2022-09-11 17:53:56,567 - yafs.core - WARNING - (#DES:0)	--- Unreacheable DST:	M.USER.APP.0 
2022-09-11 17:53:56,567 - yafs.core - WARNING - (#DES:0)	--- Unreacheable DST:	M.USER.APP.0 
2022-09-11 17:53:56,567 - yafs.core - WARNING - (#DES:0)	--- Unreacheable DST:	M.USER.APP.0 
2022-09-11 17:53:56,567 - yafs.core - WARNING - (#DES:0)	--- Unreacheable DST:	M.USER.APP.0 
2022-09-11 17:53:56,567 - yafs.core - WARNING - (#DES:0)	--- Unreacheable DST:	M.USER.APP.0 
2022-09-11 17:53:56,567 - yafs.core - WARNING - (#DES:0)	--- Unreacheable DST:	M.USER.APP.0 
2022-09-11 17:53:56,568 - yafs.core - WARNING - (#DES:0)	--- Unreacheable DST:	M.USER.APP.0 
2022-09-11 17:53:56,568 - yafs.core - WARNING - (#DES:0)	--- Unreacheable DST:	M.USER.APP.0 
2022-09-11 17:53:56,568 - yafs.core - WARNING - (#DES:0)	--- Unreacheable DST:	M.USER.APP.0 
2022-09-11 17:53:56,568 - yafs.core - WARNING - (#DES:0)	--- Unreacheable DST:	M.USER.APP.0 
2022-09-11 17:53:56,568 - yafs.core - WARNING - (#DES:0)	--- Unreacheable DST:	M.USER.APP.0 
2022-09-11 17:53:56,568 - yafs.core - WARNING - (#DES:0)	--- Unreacheable DST:	M.USER.APP.0 
2022-09-11 17:53:56,568 - yafs.core - WARNING - (#DES:0)	--- Unreacheable DST:	M.USER.APP.0 
2022-09-11 17:53:56,568 - yafs.core - WARNING - (#DES:0)	--- Unreacheable DST:	M.USER.APP.0 
2022-09-11 17:53:56,568 - yafs.core - WARNING - (#DES:0)	--- Unreacheable DST:	M.USER.APP.0 
2022-09-11 17:53:56,568 - yafs.core - WARNING - (#DES:0)	--- Unreacheable DST:	M.USER.APP.0 
2022-09-11 17:53:56,568 - yafs.core - WARNING - (#DES:0)	--- Unreacheable DST:	M.USER.APP.0 
2022-09-11 17:53:56,568 - yafs.core - WARNING - (#DES:0)	--- Unreacheable DST:	M.USER.APP.0 
2022-09-11 17:53:56,568 - yafs.core - WARNING - (#DES:0)	--- Unreacheable DST:	M.USER.APP.0 
2022-09-11 17:53:56,569 - yafs.core - WARNING - (#DES:0)	--- Unreacheable DST:	M.USER.APP.0 
2022-09-11 17:53:56,569 - yafs.core - WARNING - (#DES:0)	--- Unreacheable DST:	M.USER.APP.0 
2022-09-11 17:53:56,569 - yafs.core - WARNING - (#DES:0)	--- Unreacheable DST:	M.USER.APP.0 
2022-09-11 17:53:56,569 - yafs.core - WARNING - (#DES:0)	--- Unreacheable DST:	M.USER.APP.0 
2022-09-11 17:53:56,569 - yafs.core - WARNING - (#DES:0)	--- Unreacheable DST:	M.USER.APP.0 
2022-09-11 17:53:56,569 - yafs.core - WARNING - (#DES:0)	--- Unreacheable DST:	M.USER.APP.0 
2022-09-11 17:53:56,569 - yafs.core - WARNING - (#DES:0)	--- Unreacheable DST:	M.USER.APP.0 
2022-09-11 17:53:56,569 - yafs.core - WARNING - (#DES:0)	--- Unreacheable DST:	M.USER.APP.0 
2022-09-11 17:53:56,569 - yafs.core - WARNING - (#DES:0)	--- Unreacheable DST:	M.USER.APP.0 
2022-09-11 17:53:56,569 - yafs.core - WARNING - (#DES:0)	--- Unreacheable DST:	M.USER.APP.0 
2022-09-11 17:53:56,569 - yafs.core - WARNING - (#DES:0)	--- Unreacheable DST:	M.USER.APP.0 
2022-09-11 17:53:56,569 - yafs.core - WARNING - (#DES:0)	--- Unreacheable DST:	M.USER.APP.0 
2022-09-11 17:53:56,569 - yafs.core - WARNING - (#DES:0)	--- Unreacheable DST:	M.USER.APP.0 
2022-09-11 17:53:56,570 - yafs.core - WARNING - (#DES:0)	--- Unreacheable DST:	M.USER.APP.0 
2022-09-11 17:53:56,570 - yafs.core - WARNING - (#DES:0)	--- Unreacheable DST:	M.USER.APP.0 
2022-09-11 17:53:56,570 - yafs.core - WARNING - (#DES:0)	--- Unreacheable DST:	M.USER.APP.0 
2022-09-11 17:53:56,570 - yafs.core - WARNING - (#DES:0)	--- Unreacheable DST:	M.USER.APP.0 
2022-09-11 17:53:56,570 - yafs.core - WARNING - (#DES:0)	--- Unreacheable DST:	M.USER.APP.0 
2022-09-11 17:53:56,570 - yafs.core - WARNING - (#DES:0)	--- Unreacheable DST:	M.USER.APP.0 
2022-09-11 17:53:56,570 - yafs.core - WARNING - (#DES:0)	--- Unreacheable DST:	M.USER.APP.0 
2022-09-11 17:53:56,570 - yafs.core - WARNING - (#DES:0)	--- Unreacheable DST:	M.USER.APP.0 
2022-09-11 17:53:56,570 - yafs.core - WARNING - (#DES:0)	--- Unreacheable DST:	M.USER.APP.0 
2022-09-11 17:53:56,570 - yafs.core - WARNING - (#DES:0)	--- Unreacheable DST:	M.USER.APP.0 
2022-09-11 17:53:56,570 - yafs.core - WARNING - (#DES:0)	--- Unreacheable DST:	M.USER.APP.0 
2022-09-11 17:53:56,570 - yafs.core - WARNING - (#DES:0)	--- Unreacheable DST:	M.USER.APP.0 
2022-09-11 17:53:56,570 - yafs.core - WARNING - (#DES:0)	--- Unreacheable DST:	M.USER.APP.0 
2022-09-11 17:53:56,570 - yafs.core - WARNING - (#DES:0)	--- Unreacheable DST:	M.USER.APP.0 
2022-09-11 17:53:56,571 - yafs.core - WARNING - (#DES:0)	--- Unreacheable DST:	M.USER.APP.0 
2022-09-11 17:53:56,571 - yafs.core - WARNING - (#DES:0)	--- Unreacheable DST:	M.USER.APP.0 
2022-09-11 17:53:56,571 - yafs.core - WARNING - (#DES:0)	--- Unreacheable DST:	M.USER.APP.0 
2022-09-11 17:53:56,571 - yafs.core - WARNING - (#DES:0)	--- Unreacheable DST:	M.USER.APP.0 
2022-09-11 17:53:56,571 - yafs.core - WARNING - (#DES:0)	--- Unreacheable DST:	M.USER.APP.0 
2022-09-11 17:53:56,571 - yafs.core - WARNING - (#DES:0)	--- Unreacheable DST:	M.USER.APP.0 
2022-09-11 17:53:56,571 - yafs.core - WARNING - (#DES:0)	--- Unreacheable DST:	M.USER.APP.0 
2022-09-11 17:53:56,571 - yafs.core - WARNING - (#DES:0)	--- Unreacheable DST:	M.USER.APP.0 
2022-09-11 17:53:56,571 - yafs.core - WARNING - (#DES:0)	--- Unreacheable DST:	M.USER.APP.0 
2022-09-11 17:53:56,571 - yafs.core - WARNING - (#DES:0)	--- Unreacheable DST:	M.USER.APP.0 
2022-09-11 17:53:56,571 - yafs.core - WARNING - (#DES:0)	--- Unreacheable DST:	M.USER.APP.0 
2022-09-11 17:53:56,571 - yafs.core - WARNING - (#DES:0)	--- Unreacheable DST:	M.USER.APP.0 
2022-09-11 17:53:56,572 - yafs.core - WARNING - (#DES:0)	--- Unreacheable DST:	M.USER.APP.0 
2022-09-11 17:53:56,572 - yafs.core - WARNING - (#DES:0)	--- Unreacheable DST:	M.USER.APP.0 
2022-09-12 12:31:15,647 - root - INFO - Running experiment it: - 0
2022-09-12 12:31:15,657 - root - INFO -  Performing simulation: 0 
2022-09-12 12:31:15,659 - yafs.core - WARNING - (#DES:0)	--- Unreacheable DST:	M.USER.APP.0 
2022-09-12 12:31:15,660 - yafs.core - WARNING - (#DES:0)	--- Unreacheable DST:	M.USER.APP.0 
2022-09-12 12:31:15,660 - yafs.core - WARNING - (#DES:0)	--- Unreacheable DST:	M.USER.APP.0 
2022-09-12 12:31:15,661 - yafs.core - WARNING - (#DES:0)	--- Unreacheable DST:	M.USER.APP.0 
2022-09-12 12:31:15,661 - yafs.core - WARNING - (#DES:0)	--- Unreacheable DST:	M.USER.APP.0 
2022-09-12 12:31:15,661 - yafs.core - WARNING - (#DES:0)	--- Unreacheable DST:	M.USER.APP.0 
2022-09-12 12:31:15,662 - yafs.core - WARNING - (#DES:0)	--- Unreacheable DST:	M.USER.APP.0 
2022-09-12 12:31:15,662 - yafs.core - WARNING - (#DES:0)	--- Unreacheable DST:	M.USER.APP.0 
2022-09-12 12:31:15,662 - yafs.core - WARNING - (#DES:0)	--- Unreacheable DST:	M.USER.APP.0 
2022-09-12 12:31:15,662 - yafs.core - WARNING - (#DES:0)	--- Unreacheable DST:	M.USER.APP.0 
2022-09-12 12:31:15,662 - yafs.core - WARNING - (#DES:0)	--- Unreacheable DST:	M.USER.APP.0 
2022-09-12 12:31:15,662 - yafs.core - WARNING - (#DES:0)	--- Unreacheable DST:	M.USER.APP.0 
2022-09-12 12:31:15,662 - yafs.core - WARNING - (#DES:0)	--- Unreacheable DST:	M.USER.APP.0 
2022-09-12 12:31:15,663 - yafs.core - WARNING - (#DES:0)	--- Unreacheable DST:	M.USER.APP.0 
2022-09-12 12:31:15,663 - yafs.core - WARNING - (#DES:0)	--- Unreacheable DST:	M.USER.APP.0 
2022-09-12 12:31:15,663 - yafs.core - WARNING - (#DES:0)	--- Unreacheable DST:	M.USER.APP.0 
2022-09-12 12:31:15,663 - yafs.core - WARNING - (#DES:0)	--- Unreacheable DST:	M.USER.APP.0 
2022-09-12 12:31:15,663 - yafs.core - WARNING - (#DES:0)	--- Unreacheable DST:	M.USER.APP.0 
2022-09-12 12:31:15,663 - yafs.core - WARNING - (#DES:0)	--- Unreacheable DST:	M.USER.APP.0 
2022-09-12 12:31:15,663 - yafs.core - WARNING - (#DES:0)	--- Unreacheable DST:	M.USER.APP.0 
2022-09-12 12:31:15,663 - yafs.core - WARNING - (#DES:0)	--- Unreacheable DST:	M.USER.APP.0 
2022-09-12 12:31:15,663 - yafs.core - WARNING - (#DES:0)	--- Unreacheable DST:	M.USER.APP.0 
2022-09-12 12:31:15,664 - yafs.core - WARNING - (#DES:0)	--- Unreacheable DST:	M.USER.APP.0 
2022-09-12 12:31:15,664 - yafs.core - WARNING - (#DES:0)	--- Unreacheable DST:	M.USER.APP.0 
2022-09-12 12:31:15,664 - yafs.core - WARNING - (#DES:0)	--- Unreacheable DST:	M.USER.APP.0 
2022-09-12 12:31:15,664 - yafs.core - WARNING - (#DES:0)	--- Unreacheable DST:	M.USER.APP.0 
2022-09-12 12:31:15,664 - yafs.core - WARNING - (#DES:0)	--- Unreacheable DST:	M.USER.APP.0 
2022-09-12 12:31:15,664 - yafs.core - WARNING - (#DES:0)	--- Unreacheable DST:	M.USER.APP.0 
2022-09-12 12:31:15,664 - yafs.core - WARNING - (#DES:0)	--- Unreacheable DST:	M.USER.APP.0 
2022-09-12 12:31:15,664 - yafs.core - WARNING - (#DES:0)	--- Unreacheable DST:	M.USER.APP.0 
2022-09-12 12:31:15,664 - yafs.core - WARNING - (#DES:0)	--- Unreacheable DST:	M.USER.APP.0 
2022-09-12 12:31:15,664 - yafs.core - WARNING - (#DES:0)	--- Unreacheable DST:	M.USER.APP.0 
2022-09-12 12:31:15,665 - yafs.core - WARNING - (#DES:0)	--- Unreacheable DST:	M.USER.APP.0 
2022-09-12 12:31:15,665 - yafs.core - WARNING - (#DES:0)	--- Unreacheable DST:	M.USER.APP.0 
2022-09-12 12:31:15,665 - yafs.core - WARNING - (#DES:0)	--- Unreacheable DST:	M.USER.APP.0 
2022-09-12 12:31:15,665 - yafs.core - WARNING - (#DES:0)	--- Unreacheable DST:	M.USER.APP.0 
2022-09-12 12:31:15,665 - yafs.core - WARNING - (#DES:0)	--- Unreacheable DST:	M.USER.APP.0 
2022-09-12 12:31:15,665 - yafs.core - WARNING - (#DES:0)	--- Unreacheable DST:	M.USER.APP.0 
2022-09-12 12:31:15,665 - yafs.core - WARNING - (#DES:0)	--- Unreacheable DST:	M.USER.APP.0 
2022-09-12 12:31:15,665 - yafs.core - WARNING - (#DES:0)	--- Unreacheable DST:	M.USER.APP.0 
2022-09-12 12:31:15,665 - yafs.core - WARNING - (#DES:0)	--- Unreacheable DST:	M.USER.APP.0 
2022-09-12 12:31:15,665 - yafs.core - WARNING - (#DES:0)	--- Unreacheable DST:	M.USER.APP.0 
2022-09-12 12:31:15,666 - yafs.core - WARNING - (#DES:0)	--- Unreacheable DST:	M.USER.APP.0 
2022-09-12 12:31:15,666 - yafs.core - WARNING - (#DES:0)	--- Unreacheable DST:	M.USER.APP.0 
2022-09-12 12:31:15,666 - yafs.core - WARNING - (#DES:0)	--- Unreacheable DST:	M.USER.APP.0 
2022-09-12 12:31:15,666 - yafs.core - WARNING - (#DES:0)	--- Unreacheable DST:	M.USER.APP.0 
2022-09-12 12:31:15,666 - yafs.core - WARNING - (#DES:0)	--- Unreacheable DST:	M.USER.APP.0 
2022-09-12 12:31:15,666 - yafs.core - WARNING - (#DES:0)	--- Unreacheable DST:	M.USER.APP.0 
2022-09-12 12:31:15,666 - yafs.core - WARNING - (#DES:0)	--- Unreacheable DST:	M.USER.APP.0 
2022-09-12 12:31:15,666 - yafs.core - WARNING - (#DES:0)	--- Unreacheable DST:	M.USER.APP.0 
2022-09-12 12:31:15,666 - yafs.core - WARNING - (#DES:0)	--- Unreacheable DST:	M.USER.APP.0 
2022-09-12 12:31:15,666 - yafs.core - WARNING - (#DES:0)	--- Unreacheable DST:	M.USER.APP.0 
2022-09-12 12:31:15,667 - yafs.core - WARNING - (#DES:0)	--- Unreacheable DST:	M.USER.APP.0 
2022-09-12 12:31:15,667 - yafs.core - WARNING - (#DES:0)	--- Unreacheable DST:	M.USER.APP.0 
2022-09-12 12:31:15,667 - yafs.core - WARNING - (#DES:0)	--- Unreacheable DST:	M.USER.APP.0 
2022-09-12 12:31:15,667 - yafs.core - WARNING - (#DES:0)	--- Unreacheable DST:	M.USER.APP.0 
2022-09-12 12:31:15,667 - yafs.core - WARNING - (#DES:0)	--- Unreacheable DST:	M.USER.APP.0 
2022-09-12 12:31:15,667 - yafs.core - WARNING - (#DES:0)	--- Unreacheable DST:	M.USER.APP.0 
2022-09-12 12:31:15,667 - yafs.core - WARNING - (#DES:0)	--- Unreacheable DST:	M.USER.APP.0 
2022-09-12 12:31:15,667 - yafs.core - WARNING - (#DES:0)	--- Unreacheable DST:	M.USER.APP.0 
2022-09-12 12:31:15,667 - yafs.core - WARNING - (#DES:0)	--- Unreacheable DST:	M.USER.APP.0 
2022-09-12 12:31:15,667 - yafs.core - WARNING - (#DES:0)	--- Unreacheable DST:	M.USER.APP.0 
2022-09-12 12:31:15,667 - yafs.core - WARNING - (#DES:0)	--- Unreacheable DST:	M.USER.APP.0 
2022-09-12 12:31:15,667 - yafs.core - WARNING - (#DES:0)	--- Unreacheable DST:	M.USER.APP.0 
2022-09-12 12:31:15,667 - yafs.core - WARNING - (#DES:0)	--- Unreacheable DST:	M.USER.APP.0 
2022-09-12 12:31:15,667 - yafs.core - WARNING - (#DES:0)	--- Unreacheable DST:	M.USER.APP.0 
2022-09-12 12:31:15,668 - yafs.core - WARNING - (#DES:0)	--- Unreacheable DST:	M.USER.APP.0 
2022-09-12 12:31:15,668 - yafs.core - WARNING - (#DES:0)	--- Unreacheable DST:	M.USER.APP.0 
2022-09-12 12:31:15,668 - yafs.core - WARNING - (#DES:0)	--- Unreacheable DST:	M.USER.APP.0 
2022-09-12 12:31:15,668 - yafs.core - WARNING - (#DES:0)	--- Unreacheable DST:	M.USER.APP.0 
2022-09-12 12:31:15,668 - yafs.core - WARNING - (#DES:0)	--- Unreacheable DST:	M.USER.APP.0 
2022-09-12 12:31:15,668 - yafs.core - WARNING - (#DES:0)	--- Unreacheable DST:	M.USER.APP.0 
2022-09-12 12:31:15,668 - yafs.core - WARNING - (#DES:0)	--- Unreacheable DST:	M.USER.APP.0 
2022-09-12 12:31:15,668 - yafs.core - WARNING - (#DES:0)	--- Unreacheable DST:	M.USER.APP.0 
2022-09-12 12:31:15,668 - yafs.core - WARNING - (#DES:0)	--- Unreacheable DST:	M.USER.APP.0 
2022-09-12 12:31:15,668 - yafs.core - WARNING - (#DES:0)	--- Unreacheable DST:	M.USER.APP.0 
2022-09-12 12:31:15,668 - yafs.core - WARNING - (#DES:0)	--- Unreacheable DST:	M.USER.APP.0 
2022-09-12 12:31:15,668 - yafs.core - WARNING - (#DES:0)	--- Unreacheable DST:	M.USER.APP.0 
2022-09-12 12:31:15,668 - yafs.core - WARNING - (#DES:0)	--- Unreacheable DST:	M.USER.APP.0 
2022-09-12 12:31:15,668 - yafs.core - WARNING - (#DES:0)	--- Unreacheable DST:	M.USER.APP.0 
2022-09-12 12:31:15,668 - yafs.core - WARNING - (#DES:0)	--- Unreacheable DST:	M.USER.APP.0 
2022-09-12 12:31:15,669 - yafs.core - WARNING - (#DES:0)	--- Unreacheable DST:	M.USER.APP.0 
2022-09-12 12:31:15,669 - yafs.core - WARNING - (#DES:0)	--- Unreacheable DST:	M.USER.APP.0 
2022-09-12 12:31:15,669 - yafs.core - WARNING - (#DES:0)	--- Unreacheable DST:	M.USER.APP.0 
2022-09-12 12:31:15,669 - yafs.core - WARNING - (#DES:0)	--- Unreacheable DST:	M.USER.APP.0 
2022-09-12 12:31:15,669 - yafs.core - WARNING - (#DES:0)	--- Unreacheable DST:	M.USER.APP.0 
2022-09-12 12:31:15,669 - yafs.core - WARNING - (#DES:0)	--- Unreacheable DST:	M.USER.APP.0 
2022-09-12 12:31:15,669 - yafs.core - WARNING - (#DES:0)	--- Unreacheable DST:	M.USER.APP.0 
2022-09-12 12:31:15,669 - yafs.core - WARNING - (#DES:0)	--- Unreacheable DST:	M.USER.APP.0 
2022-09-12 12:31:15,669 - yafs.core - WARNING - (#DES:0)	--- Unreacheable DST:	M.USER.APP.0 
2022-09-12 12:31:15,669 - yafs.core - WARNING - (#DES:0)	--- Unreacheable DST:	M.USER.APP.0 
2022-09-12 12:31:15,669 - yafs.core - WARNING - (#DES:0)	--- Unreacheable DST:	M.USER.APP.0 
2022-09-12 12:31:15,669 - yafs.core - WARNING - (#DES:0)	--- Unreacheable DST:	M.USER.APP.0 
2022-09-12 12:31:15,670 - yafs.core - WARNING - (#DES:0)	--- Unreacheable DST:	M.USER.APP.0 
2022-09-12 12:31:15,670 - yafs.core - WARNING - (#DES:0)	--- Unreacheable DST:	M.USER.APP.0 
2022-09-12 12:31:15,670 - yafs.core - WARNING - (#DES:0)	--- Unreacheable DST:	M.USER.APP.0 
2022-09-12 12:31:15,670 - yafs.core - WARNING - (#DES:0)	--- Unreacheable DST:	M.USER.APP.0 
2022-09-12 12:31:15,670 - yafs.core - WARNING - (#DES:0)	--- Unreacheable DST:	M.USER.APP.0 
2022-09-12 12:31:15,670 - yafs.core - WARNING - (#DES:0)	--- Unreacheable DST:	M.USER.APP.0 
2022-09-12 12:31:15,670 - yafs.core - WARNING - (#DES:0)	--- Unreacheable DST:	M.USER.APP.0 
2022-09-12 12:31:15,670 - yafs.core - WARNING - (#DES:0)	--- Unreacheable DST:	M.USER.APP.0 
2022-09-12 12:31:15,670 - yafs.core - WARNING - (#DES:0)	--- Unreacheable DST:	M.USER.APP.0 
2022-09-12 12:31:15,670 - yafs.core - WARNING - (#DES:0)	--- Unreacheable DST:	M.USER.APP.0 
2022-09-12 12:31:15,671 - yafs.core - WARNING - (#DES:0)	--- Unreacheable DST:	M.USER.APP.0 
2022-09-12 12:31:15,671 - yafs.core - WARNING - (#DES:0)	--- Unreacheable DST:	M.USER.APP.0 
2022-09-12 12:31:15,671 - yafs.core - WARNING - (#DES:0)	--- Unreacheable DST:	M.USER.APP.0 
2022-09-12 12:31:15,671 - yafs.core - WARNING - (#DES:0)	--- Unreacheable DST:	M.USER.APP.0 
2022-09-12 12:31:15,671 - yafs.core - WARNING - (#DES:0)	--- Unreacheable DST:	M.USER.APP.0 
2022-09-12 12:31:15,671 - yafs.core - WARNING - (#DES:0)	--- Unreacheable DST:	M.USER.APP.0 
2022-09-12 12:31:15,671 - yafs.core - WARNING - (#DES:0)	--- Unreacheable DST:	M.USER.APP.0 
2022-09-12 12:31:15,671 - yafs.core - WARNING - (#DES:0)	--- Unreacheable DST:	M.USER.APP.0 
2022-09-12 12:31:15,672 - yafs.core - WARNING - (#DES:0)	--- Unreacheable DST:	M.USER.APP.0 
2022-09-12 12:31:15,672 - yafs.core - WARNING - (#DES:0)	--- Unreacheable DST:	M.USER.APP.0 
2022-09-12 12:31:15,672 - yafs.core - WARNING - (#DES:0)	--- Unreacheable DST:	M.USER.APP.0 
2022-09-12 12:31:15,672 - yafs.core - WARNING - (#DES:0)	--- Unreacheable DST:	M.USER.APP.0 
2022-09-12 12:31:15,672 - yafs.core - WARNING - (#DES:0)	--- Unreacheable DST:	M.USER.APP.0 
2022-09-12 12:31:15,672 - yafs.core - WARNING - (#DES:0)	--- Unreacheable DST:	M.USER.APP.0 
2022-09-12 12:31:15,672 - yafs.core - WARNING - (#DES:0)	--- Unreacheable DST:	M.USER.APP.0 
2022-09-12 12:31:15,672 - yafs.core - WARNING - (#DES:0)	--- Unreacheable DST:	M.USER.APP.0 
2022-09-12 12:31:15,673 - yafs.core - WARNING - (#DES:0)	--- Unreacheable DST:	M.USER.APP.0 
2022-09-12 12:31:15,673 - yafs.core - WARNING - (#DES:0)	--- Unreacheable DST:	M.USER.APP.0 
2022-09-12 12:31:15,673 - yafs.core - WARNING - (#DES:0)	--- Unreacheable DST:	M.USER.APP.0 
2022-09-12 12:31:15,673 - yafs.core - WARNING - (#DES:0)	--- Unreacheable DST:	M.USER.APP.0 
2022-09-12 12:31:15,673 - yafs.core - WARNING - (#DES:0)	--- Unreacheable DST:	M.USER.APP.0 
2022-09-12 12:31:15,673 - yafs.core - WARNING - (#DES:0)	--- Unreacheable DST:	M.USER.APP.0 
2022-09-12 12:31:15,673 - yafs.core - WARNING - (#DES:0)	--- Unreacheable DST:	M.USER.APP.0 
2022-09-12 12:31:15,673 - yafs.core - WARNING - (#DES:0)	--- Unreacheable DST:	M.USER.APP.0 
2022-09-12 12:31:15,674 - yafs.core - WARNING - (#DES:0)	--- Unreacheable DST:	M.USER.APP.0 
2022-09-12 12:31:15,674 - yafs.core - WARNING - (#DES:0)	--- Unreacheable DST:	M.USER.APP.0 
2022-09-12 12:31:15,674 - yafs.core - WARNING - (#DES:0)	--- Unreacheable DST:	M.USER.APP.0 
2022-09-12 12:31:15,674 - yafs.core - WARNING - (#DES:0)	--- Unreacheable DST:	M.USER.APP.0 
2022-09-12 12:31:15,674 - yafs.core - WARNING - (#DES:0)	--- Unreacheable DST:	M.USER.APP.0 
2022-09-12 12:31:15,674 - yafs.core - WARNING - (#DES:0)	--- Unreacheable DST:	M.USER.APP.0 
2022-09-12 12:31:15,674 - yafs.core - WARNING - (#DES:0)	--- Unreacheable DST:	M.USER.APP.0 
2022-09-12 12:31:15,675 - yafs.core - WARNING - (#DES:0)	--- Unreacheable DST:	M.USER.APP.0 
2022-09-12 12:31:15,675 - yafs.core - WARNING - (#DES:0)	--- Unreacheable DST:	M.USER.APP.0 
2022-09-12 12:31:15,675 - yafs.core - WARNING - (#DES:0)	--- Unreacheable DST:	M.USER.APP.0 
2022-09-12 12:31:15,675 - yafs.core - WARNING - (#DES:0)	--- Unreacheable DST:	M.USER.APP.0 
2022-09-12 12:31:15,675 - yafs.core - WARNING - (#DES:0)	--- Unreacheable DST:	M.USER.APP.0 
2022-09-12 12:31:15,675 - yafs.core - WARNING - (#DES:0)	--- Unreacheable DST:	M.USER.APP.0 
2022-09-12 12:31:15,676 - yafs.core - WARNING - (#DES:0)	--- Unreacheable DST:	M.USER.APP.0 
2022-09-12 12:31:15,676 - yafs.core - WARNING - (#DES:0)	--- Unreacheable DST:	M.USER.APP.0 
2022-09-12 12:31:15,676 - yafs.core - WARNING - (#DES:0)	--- Unreacheable DST:	M.USER.APP.0 
2022-09-12 12:31:15,676 - yafs.core - WARNING - (#DES:0)	--- Unreacheable DST:	M.USER.APP.0 
2022-09-12 12:31:15,676 - yafs.core - WARNING - (#DES:0)	--- Unreacheable DST:	M.USER.APP.0 
2022-09-12 12:31:15,677 - yafs.core - WARNING - (#DES:0)	--- Unreacheable DST:	M.USER.APP.0 
2022-09-12 12:31:15,677 - yafs.core - WARNING - (#DES:0)	--- Unreacheable DST:	M.USER.APP.0 
2022-09-12 12:31:15,677 - yafs.core - WARNING - (#DES:0)	--- Unreacheable DST:	M.USER.APP.0 
2022-09-12 12:31:15,677 - yafs.core - WARNING - (#DES:0)	--- Unreacheable DST:	M.USER.APP.0 
2022-09-12 12:31:15,677 - yafs.core - WARNING - (#DES:0)	--- Unreacheable DST:	M.USER.APP.0 
2022-09-12 12:31:15,677 - yafs.core - WARNING - (#DES:0)	--- Unreacheable DST:	M.USER.APP.0 
2022-09-12 12:31:15,677 - yafs.core - WARNING - (#DES:0)	--- Unreacheable DST:	M.USER.APP.0 
2022-09-12 12:31:15,677 - yafs.core - WARNING - (#DES:0)	--- Unreacheable DST:	M.USER.APP.0 
2022-09-12 12:31:15,678 - yafs.core - WARNING - (#DES:0)	--- Unreacheable DST:	M.USER.APP.0 
2022-09-12 12:31:15,678 - yafs.core - WARNING - (#DES:0)	--- Unreacheable DST:	M.USER.APP.0 
2022-09-12 12:31:15,678 - yafs.core - WARNING - (#DES:0)	--- Unreacheable DST:	M.USER.APP.0 
2022-09-12 12:31:15,678 - yafs.core - WARNING - (#DES:0)	--- Unreacheable DST:	M.USER.APP.0 
2022-09-12 12:31:15,678 - yafs.core - WARNING - (#DES:0)	--- Unreacheable DST:	M.USER.APP.0 
2022-09-12 12:31:15,678 - yafs.core - WARNING - (#DES:0)	--- Unreacheable DST:	M.USER.APP.0 
2022-09-12 12:31:15,678 - yafs.core - WARNING - (#DES:0)	--- Unreacheable DST:	M.USER.APP.0 
2022-09-12 12:31:15,678 - yafs.core - WARNING - (#DES:0)	--- Unreacheable DST:	M.USER.APP.0 
2022-09-12 12:31:15,678 - yafs.core - WARNING - (#DES:0)	--- Unreacheable DST:	M.USER.APP.0 
2022-09-12 12:31:15,679 - yafs.core - WARNING - (#DES:0)	--- Unreacheable DST:	M.USER.APP.0 
2022-09-12 12:31:15,679 - yafs.core - WARNING - (#DES:0)	--- Unreacheable DST:	M.USER.APP.0 
2022-09-12 12:31:15,679 - yafs.core - WARNING - (#DES:0)	--- Unreacheable DST:	M.USER.APP.0 
2022-09-12 12:31:15,679 - yafs.core - WARNING - (#DES:0)	--- Unreacheable DST:	M.USER.APP.0 
2022-09-12 12:31:15,680 - yafs.core - WARNING - (#DES:0)	--- Unreacheable DST:	M.USER.APP.0 
2022-09-12 12:31:15,680 - yafs.core - WARNING - (#DES:0)	--- Unreacheable DST:	M.USER.APP.0 
2022-09-12 12:31:15,680 - yafs.core - WARNING - (#DES:0)	--- Unreacheable DST:	M.USER.APP.0 
2022-09-12 12:31:15,681 - yafs.core - WARNING - (#DES:0)	--- Unreacheable DST:	M.USER.APP.0 
2022-09-12 12:31:15,681 - yafs.core - WARNING - (#DES:0)	--- Unreacheable DST:	M.USER.APP.0 
2022-09-12 12:31:15,681 - yafs.core - WARNING - (#DES:0)	--- Unreacheable DST:	M.USER.APP.0 
2022-09-12 12:31:15,681 - yafs.core - WARNING - (#DES:0)	--- Unreacheable DST:	M.USER.APP.0 
2022-09-12 12:31:15,681 - yafs.core - WARNING - (#DES:0)	--- Unreacheable DST:	M.USER.APP.0 
2022-09-12 12:31:15,681 - yafs.core - WARNING - (#DES:0)	--- Unreacheable DST:	M.USER.APP.0 
2022-09-12 12:31:15,681 - yafs.core - WARNING - (#DES:0)	--- Unreacheable DST:	M.USER.APP.0 
2022-09-12 12:31:15,681 - yafs.core - WARNING - (#DES:0)	--- Unreacheable DST:	M.USER.APP.0 
2022-09-12 12:31:15,682 - yafs.core - WARNING - (#DES:0)	--- Unreacheable DST:	M.USER.APP.0 
2022-09-12 12:31:15,682 - yafs.core - WARNING - (#DES:0)	--- Unreacheable DST:	M.USER.APP.0 
2022-09-12 12:31:15,682 - yafs.core - WARNING - (#DES:0)	--- Unreacheable DST:	M.USER.APP.0 
2022-09-12 12:31:15,682 - yafs.core - WARNING - (#DES:0)	--- Unreacheable DST:	M.USER.APP.0 
2022-09-12 12:31:15,682 - yafs.core - WARNING - (#DES:0)	--- Unreacheable DST:	M.USER.APP.0 
2022-09-12 12:31:15,682 - yafs.core - WARNING - (#DES:0)	--- Unreacheable DST:	M.USER.APP.0 
2022-09-12 12:31:15,682 - yafs.core - WARNING - (#DES:0)	--- Unreacheable DST:	M.USER.APP.0 
2022-09-12 12:31:15,682 - yafs.core - WARNING - (#DES:0)	--- Unreacheable DST:	M.USER.APP.0 
2022-09-12 12:31:15,683 - yafs.core - WARNING - (#DES:0)	--- Unreacheable DST:	M.USER.APP.0 
2022-09-12 12:31:15,683 - yafs.core - WARNING - (#DES:0)	--- Unreacheable DST:	M.USER.APP.0 
2022-09-12 12:31:15,683 - yafs.core - WARNING - (#DES:0)	--- Unreacheable DST:	M.USER.APP.0 
2022-09-12 12:31:15,683 - yafs.core - WARNING - (#DES:0)	--- Unreacheable DST:	M.USER.APP.0 
2022-09-12 12:31:15,683 - yafs.core - WARNING - (#DES:0)	--- Unreacheable DST:	M.USER.APP.0 
2022-09-12 12:31:15,683 - yafs.core - WARNING - (#DES:0)	--- Unreacheable DST:	M.USER.APP.0 
2022-09-12 12:31:15,683 - yafs.core - WARNING - (#DES:0)	--- Unreacheable DST:	M.USER.APP.0 
2022-09-12 12:31:15,683 - yafs.core - WARNING - (#DES:0)	--- Unreacheable DST:	M.USER.APP.0 
2022-09-12 12:31:15,684 - yafs.core - WARNING - (#DES:0)	--- Unreacheable DST:	M.USER.APP.0 
2022-09-12 12:31:15,684 - yafs.core - WARNING - (#DES:0)	--- Unreacheable DST:	M.USER.APP.0 
2022-09-12 12:31:15,684 - yafs.core - WARNING - (#DES:0)	--- Unreacheable DST:	M.USER.APP.0 
2022-09-12 12:31:15,684 - yafs.core - WARNING - (#DES:0)	--- Unreacheable DST:	M.USER.APP.0 
2022-09-12 12:31:15,684 - yafs.core - WARNING - (#DES:0)	--- Unreacheable DST:	M.USER.APP.0 
2022-09-12 12:31:15,685 - yafs.core - WARNING - (#DES:0)	--- Unreacheable DST:	M.USER.APP.0 
2022-09-12 12:51:49,208 - root - INFO - Running experiment it: - 0
2022-09-12 12:51:49,213 - root - INFO -  Performing simulation: 0 
2022-10-24 12:14:54,645 - placementCloud - INFO -  Placement Initialization of Cloud Alloc in NodeCLOUD: 3
2022-10-24 12:14:54,645 - MCDAPathSelection - INFO -   MCDA - ELECTRE - Routing, Placement and Selection initialitzed 
2022-10-24 12:14:54,645 - jsonDynamicPopulation - INFO -  Initializating dynamic population: Dynamic_0
2022-10-24 12:14:54,646 - jsonDynamicPopulation - INFO -  Initializating dynamic population: Dynamic_1
2022-10-24 12:14:54,646 - root - INFO -  Performing simulation: 01 
2022-10-24 12:17:08,503 - root - INFO - Criando mensagem: M.USER.APP.0
2022-10-24 12:17:08,503 - root - INFO - Criando mensagem: 0_(0-1)
2022-10-24 12:17:08,503 - root - INFO - Criando mensagem: 0_(0-2)
2022-10-24 12:17:08,503 - root - INFO - Criando mensagem: 0_(0-4)
2022-10-24 12:17:08,503 - root - INFO - Criando mensagem: 0_(1-8)
2022-10-24 12:17:08,503 - root - INFO - Criando mensagem: 0_(1-3)
2022-10-24 12:17:08,503 - root - INFO - Criando mensagem: 0_(1-5)
2022-10-24 12:17:08,503 - root - INFO - Criando mensagem: 0_(1-6)
2022-10-24 12:17:08,503 - root - INFO - Criando mensagem: 0_(1-7)
2022-10-24 12:17:08,503 - root - INFO - Total de mensagens criadas: 9
2022-10-24 12:17:08,503 - root - INFO - Criando mensagem: M.USER.APP.1
2022-10-24 12:17:08,503 - root - INFO - Criando mensagem: 1_(9-10)
2022-10-24 12:17:08,503 - root - INFO - Criando mensagem: 1_(9-11)
2022-10-24 12:17:08,503 - root - INFO - Criando mensagem: 1_(9-12)
2022-10-24 12:17:08,503 - root - INFO - Criando mensagem: 1_(9-13)
2022-10-24 12:17:08,503 - root - INFO - Criando mensagem: 1_(9-15)
2022-10-24 12:17:08,504 - root - INFO - Criando mensagem: 1_(9-18)
2022-10-24 12:17:08,504 - root - INFO - Criando mensagem: 1_(12-16)
2022-10-24 12:17:08,504 - root - INFO - Criando mensagem: 1_(12-14)
2022-10-24 12:17:08,504 - root - INFO - Criando mensagem: 1_(13-17)
2022-10-24 12:17:08,504 - root - INFO - Total de mensagens criadas: 10
2022-10-24 12:17:08,504 - placementCloud - INFO -  Placement Initialization of Cloud Alloc in NodeCLOUD: 3
2022-10-24 12:17:08,504 - MCDAPathSelection - INFO -   MCDA - ELECTRE - Routing, Placement and Selection initialitzed 
2022-10-24 12:17:08,505 - jsonDynamicPopulation - INFO -  Initializating dynamic population: Dynamic_0
2022-10-24 12:17:08,505 - jsonDynamicPopulation - INFO -  Initializating dynamic population: Dynamic_1
2022-10-24 12:17:08,505 - root - INFO -  Performing simulation: 01 
2022-10-24 12:22:11,763 - root - INFO - Criando mensagem: M.USER.APP.0
2022-10-24 12:22:11,763 - root - INFO - Criando mensagem: 0_(0-1)
2022-10-24 12:22:11,763 - root - INFO - Criando mensagem: 0_(0-2)
2022-10-24 12:22:11,763 - root - INFO - Criando mensagem: 0_(0-4)
2022-10-24 12:22:11,763 - root - INFO - Criando mensagem: 0_(1-8)
2022-10-24 12:22:11,763 - root - INFO - Criando mensagem: 0_(1-3)
2022-10-24 12:22:11,763 - root - INFO - Criando mensagem: 0_(1-5)
2022-10-24 12:22:11,763 - root - INFO - Criando mensagem: 0_(1-6)
2022-10-24 12:22:11,763 - root - INFO - Criando mensagem: 0_(1-7)
2022-10-24 12:22:11,763 - root - INFO - Total de mensagens criadas: 9
2022-10-24 12:22:11,764 - root - INFO - Criando mensagem: M.USER.APP.1
2022-10-24 12:22:11,764 - root - INFO - Criando mensagem: 1_(9-10)
2022-10-24 12:22:11,764 - root - INFO - Criando mensagem: 1_(9-11)
2022-10-24 12:22:11,764 - root - INFO - Criando mensagem: 1_(9-12)
2022-10-24 12:22:11,764 - root - INFO - Criando mensagem: 1_(9-13)
2022-10-24 12:22:11,764 - root - INFO - Criando mensagem: 1_(9-15)
2022-10-24 12:22:11,764 - root - INFO - Criando mensagem: 1_(9-18)
2022-10-24 12:22:11,764 - root - INFO - Criando mensagem: 1_(12-16)
2022-10-24 12:22:11,764 - root - INFO - Criando mensagem: 1_(12-14)
2022-10-24 12:22:11,764 - root - INFO - Criando mensagem: 1_(13-17)
2022-10-24 12:22:11,764 - root - INFO - Total de mensagens criadas: 10
2022-10-24 12:22:11,765 - placementCloud - INFO -  Placement Initialization of Cloud Alloc in NodeCLOUD: 3
2022-10-24 12:22:11,765 - MCDAPathSelection - INFO -   MCDA - ELECTRE - Routing, Placement and Selection initialitzed 
2022-10-24 12:22:11,766 - jsonDynamicPopulation - INFO -  Initializating dynamic population: Dynamic_0
2022-10-24 12:37:55,061 - root - INFO - Criando mensagem: M.USER.APP.0
2022-10-24 12:37:55,061 - root - INFO - Criando mensagem: 0_(0-1)
2022-10-24 12:37:55,061 - root - INFO - Criando mensagem: 0_(0-2)
2022-10-24 12:37:55,061 - root - INFO - Criando mensagem: 0_(0-4)
2022-10-24 12:37:55,062 - root - INFO - Criando mensagem: 0_(1-8)
2022-10-24 12:37:55,062 - root - INFO - Criando mensagem: 0_(1-3)
2022-10-24 12:37:55,062 - root - INFO - Criando mensagem: 0_(1-5)
2022-10-24 12:37:55,062 - root - INFO - Criando mensagem: 0_(1-6)
2022-10-24 12:37:55,062 - root - INFO - Criando mensagem: 0_(1-7)
2022-10-24 12:37:55,062 - root - INFO - Total de mensagens criadas: 9
2022-10-24 12:37:55,062 - root - INFO - Criando mensagem: M.USER.APP.1
2022-10-24 12:37:55,062 - root - INFO - Criando mensagem: 1_(9-10)
2022-10-24 12:37:55,062 - root - INFO - Criando mensagem: 1_(9-11)
2022-10-24 12:37:55,062 - root - INFO - Criando mensagem: 1_(9-12)
2022-10-24 12:37:55,062 - root - INFO - Criando mensagem: 1_(9-13)
2022-10-24 12:37:55,062 - root - INFO - Criando mensagem: 1_(9-15)
2022-10-24 12:37:55,062 - root - INFO - Criando mensagem: 1_(9-18)
2022-10-24 12:37:55,062 - root - INFO - Criando mensagem: 1_(12-16)
2022-10-24 12:37:55,062 - root - INFO - Criando mensagem: 1_(12-14)
2022-10-24 12:37:55,062 - root - INFO - Criando mensagem: 1_(13-17)
2022-10-24 12:37:55,062 - root - INFO - Total de mensagens criadas: 10
2022-10-24 12:37:55,062 - placementCloud - INFO -  Placement Initialization of Cloud Alloc in NodeCLOUD: 3
2022-10-24 12:37:55,063 - MCDAPathSelection - INFO -   MCDA - ELECTRE - Routing, Placement and Selection initialitzed 
2022-10-24 12:37:55,063 - jsonDynamicPopulation - INFO -  Initializating dynamic population: Dynamic_0
2022-10-24 12:38:11,924 - root - INFO - Criando mensagem: M.USER.APP.0
2022-10-24 12:38:11,925 - root - INFO - Criando mensagem: 0_(0-1)
2022-10-24 12:38:11,925 - root - INFO - Criando mensagem: 0_(0-2)
2022-10-24 12:38:11,925 - root - INFO - Criando mensagem: 0_(0-4)
2022-10-24 12:38:11,925 - root - INFO - Criando mensagem: 0_(1-8)
2022-10-24 12:38:11,925 - root - INFO - Criando mensagem: 0_(1-3)
2022-10-24 12:38:11,925 - root - INFO - Criando mensagem: 0_(1-5)
2022-10-24 12:38:11,925 - root - INFO - Criando mensagem: 0_(1-6)
2022-10-24 12:38:11,925 - root - INFO - Criando mensagem: 0_(1-7)
2022-10-24 12:38:11,925 - root - INFO - Total de mensagens criadas: 9
2022-10-24 12:38:11,925 - root - INFO - Criando mensagem: M.USER.APP.1
2022-10-24 12:38:11,925 - root - INFO - Criando mensagem: 1_(9-10)
2022-10-24 12:38:11,925 - root - INFO - Criando mensagem: 1_(9-11)
2022-10-24 12:38:11,926 - root - INFO - Criando mensagem: 1_(9-12)
2022-10-24 12:38:11,926 - root - INFO - Criando mensagem: 1_(9-13)
2022-10-24 12:38:11,926 - root - INFO - Criando mensagem: 1_(9-15)
2022-10-24 12:38:11,926 - root - INFO - Criando mensagem: 1_(9-18)
2022-10-24 12:38:11,926 - root - INFO - Criando mensagem: 1_(12-16)
2022-10-24 12:38:11,926 - root - INFO - Criando mensagem: 1_(12-14)
2022-10-24 12:38:11,926 - root - INFO - Criando mensagem: 1_(13-17)
2022-10-24 12:38:11,926 - root - INFO - Total de mensagens criadas: 10
2022-10-24 12:38:11,928 - placementCloud - INFO -  Placement Initialization of Cloud Alloc in NodeCLOUD: 3
2022-10-24 12:38:11,928 - MCDAPathSelection - INFO -   MCDA - ELECTRE - Routing, Placement and Selection initialitzed 
2022-10-24 12:38:11,929 - jsonDynamicPopulation - INFO -  Initializating dynamic population: Dynamic_0
2022-10-24 12:38:11,929 - root - INFO - Deploying app: 0
2022-10-24 12:38:11,929 - jsonDynamicPopulation - INFO -  Initializating dynamic population: Dynamic_1
2022-10-24 12:38:11,929 - root - INFO - Deploying app: 1
2022-10-24 12:38:11,929 - root - INFO -  Performing simulation: 01 
2022-10-24 12:38:41,098 - root - INFO - Criando mensagem: M.USER.APP.0
2022-10-24 12:38:41,098 - root - INFO - Criando mensagem: 0_(0-1)
2022-10-24 12:38:41,099 - root - INFO - Criando mensagem: 0_(0-2)
2022-10-24 12:38:41,099 - root - INFO - Criando mensagem: 0_(0-4)
2022-10-24 12:38:41,099 - root - INFO - Criando mensagem: 0_(1-8)
2022-10-24 12:38:41,099 - root - INFO - Criando mensagem: 0_(1-3)
2022-10-24 12:38:41,099 - root - INFO - Criando mensagem: 0_(1-5)
2022-10-24 12:38:41,099 - root - INFO - Criando mensagem: 0_(1-6)
2022-10-24 12:38:41,099 - root - INFO - Criando mensagem: 0_(1-7)
2022-10-24 12:38:41,099 - root - INFO - Total de mensagens criadas: 9
2022-10-24 12:38:41,099 - root - INFO - Criando mensagem: M.USER.APP.1
2022-10-24 12:38:41,099 - root - INFO - Criando mensagem: 1_(9-10)
2022-10-24 12:38:41,099 - root - INFO - Criando mensagem: 1_(9-11)
2022-10-24 12:38:41,099 - root - INFO - Criando mensagem: 1_(9-12)
2022-10-24 12:38:41,099 - root - INFO - Criando mensagem: 1_(9-13)
2022-10-24 12:38:41,099 - root - INFO - Criando mensagem: 1_(9-15)
2022-10-24 12:38:41,099 - root - INFO - Criando mensagem: 1_(9-18)
2022-10-24 12:38:41,100 - root - INFO - Criando mensagem: 1_(12-16)
2022-10-24 12:38:41,100 - root - INFO - Criando mensagem: 1_(12-14)
2022-10-24 12:38:41,100 - root - INFO - Criando mensagem: 1_(13-17)
2022-10-24 12:38:41,100 - root - INFO - Total de mensagens criadas: 10
2022-10-24 12:38:41,100 - placementCloud - INFO -  Placement Initialization of Cloud Alloc in NodeCLOUD: 3
2022-10-24 12:38:41,100 - MCDAPathSelection - INFO -   MCDA - ELECTRE - Routing, Placement and Selection initialitzed 
2022-10-24 12:38:41,101 - jsonDynamicPopulation - INFO -  Initializating dynamic population: Dynamic_0
2022-10-24 12:38:41,101 - root - INFO - Deploying app: 0
2022-10-24 12:38:41,101 - jsonDynamicPopulation - INFO -  Initializating dynamic population: Dynamic_1
2022-10-24 12:38:41,101 - root - INFO - Deploying app: 1
2022-10-24 12:38:41,102 - root - INFO -  Performing simulation: 01 
2022-10-24 12:42:16,394 - root - INFO - Criando mensagem: M.USER.APP.0
2022-10-24 12:42:16,394 - root - INFO - Criando mensagem: 0_(0-1)
2022-10-24 12:42:16,394 - root - INFO - Criando mensagem: 0_(0-2)
2022-10-24 12:42:16,394 - root - INFO - Criando mensagem: 0_(0-4)
2022-10-24 12:42:16,394 - root - INFO - Criando mensagem: 0_(1-8)
2022-10-24 12:42:16,394 - root - INFO - Criando mensagem: 0_(1-3)
2022-10-24 12:42:16,394 - root - INFO - Criando mensagem: 0_(1-5)
2022-10-24 12:42:16,394 - root - INFO - Criando mensagem: 0_(1-6)
2022-10-24 12:42:16,394 - root - INFO - Criando mensagem: 0_(1-7)
2022-10-24 12:42:16,395 - root - INFO - Total de mensagens criadas: 9
2022-10-24 12:42:16,395 - root - INFO - Criando mensagem: M.USER.APP.1
2022-10-24 12:42:16,395 - root - INFO - Criando mensagem: 1_(9-10)
2022-10-24 12:42:16,395 - root - INFO - Criando mensagem: 1_(9-11)
2022-10-24 12:42:16,395 - root - INFO - Criando mensagem: 1_(9-12)
2022-10-24 12:42:16,395 - root - INFO - Criando mensagem: 1_(9-13)
2022-10-24 12:42:16,395 - root - INFO - Criando mensagem: 1_(9-15)
2022-10-24 12:42:16,395 - root - INFO - Criando mensagem: 1_(9-18)
2022-10-24 12:42:16,395 - root - INFO - Criando mensagem: 1_(12-16)
2022-10-24 12:42:16,395 - root - INFO - Criando mensagem: 1_(12-14)
2022-10-24 12:42:16,395 - root - INFO - Criando mensagem: 1_(13-17)
2022-10-24 12:42:16,395 - root - INFO - Total de mensagens criadas: 10
2022-10-24 12:42:16,396 - placementCloud - INFO -  Placement Initialization of Cloud Alloc in NodeCLOUD: 3
2022-10-24 12:42:16,396 - MCDAPathSelection - INFO -   MCDA - ELECTRE - Routing, Placement and Selection initialitzed 
2022-10-24 12:42:16,396 - jsonDynamicPopulation - INFO -  Initializating dynamic population: Dynamic_0
2022-10-24 12:42:16,397 - root - INFO - Deploying app: 0
2022-10-24 12:42:16,397 - jsonDynamicPopulation - INFO -  Initializating dynamic population: Dynamic_1
2022-10-24 12:42:16,397 - root - INFO - Deploying app: 1
2022-10-24 12:42:16,397 - root - INFO -  Performing simulation: 01 
2022-11-02 11:32:31,917 - root - INFO - Criando mensagem: M.USER.APP.0
2022-11-02 11:32:31,917 - root - INFO - Criando mensagem: 0_(0-1)
2022-11-02 11:32:31,917 - root - INFO - Criando mensagem: 0_(0-2)
2022-11-02 11:32:31,917 - root - INFO - Criando mensagem: 0_(0-4)
2022-11-02 11:32:31,917 - root - INFO - Criando mensagem: 0_(1-8)
2022-11-02 11:32:31,917 - root - INFO - Criando mensagem: 0_(1-3)
2022-11-02 11:32:31,917 - root - INFO - Criando mensagem: 0_(1-5)
2022-11-02 11:32:31,917 - root - INFO - Criando mensagem: 0_(1-6)
2022-11-02 11:32:31,918 - root - INFO - Criando mensagem: 0_(1-7)
2022-11-02 11:32:31,918 - root - INFO - Total de mensagens criadas: 9
2022-11-02 11:32:31,918 - root - INFO - Criando mensagem: M.USER.APP.1
2022-11-02 11:32:31,918 - root - INFO - Criando mensagem: 1_(9-10)
2022-11-02 11:32:31,918 - root - INFO - Criando mensagem: 1_(9-11)
2022-11-02 11:32:31,918 - root - INFO - Criando mensagem: 1_(9-12)
2022-11-02 11:32:31,918 - root - INFO - Criando mensagem: 1_(9-13)
2022-11-02 11:32:31,918 - root - INFO - Criando mensagem: 1_(9-15)
2022-11-02 11:32:31,918 - root - INFO - Criando mensagem: 1_(9-18)
2022-11-02 11:32:31,918 - root - INFO - Criando mensagem: 1_(12-16)
2022-11-02 11:32:31,918 - root - INFO - Criando mensagem: 1_(12-14)
2022-11-02 11:32:31,918 - root - INFO - Criando mensagem: 1_(13-17)
2022-11-02 11:32:31,918 - root - INFO - Total de mensagens criadas: 10
2022-11-02 11:32:31,919 - placementCloud - INFO -  Placement Initialization of Cloud Alloc in NodeCLOUD: 3
2022-11-02 11:32:31,919 - MCDAPathSelection - INFO -   MCDA - ELECTRE - Routing, Placement and Selection initialitzed 
2022-11-02 11:32:31,922 - jsonDynamicPopulation - INFO -  Initializating dynamic population: Dynamic_0
2022-11-02 11:33:03,599 - root - INFO - Criando mensagem: M.USER.APP.0
2022-11-02 11:33:03,599 - root - INFO - Criando mensagem: 0_(0-1)
2022-11-02 11:33:03,599 - root - INFO - Criando mensagem: 0_(0-2)
2022-11-02 11:33:03,599 - root - INFO - Criando mensagem: 0_(0-4)
2022-11-02 11:33:03,599 - root - INFO - Criando mensagem: 0_(1-8)
2022-11-02 11:33:03,599 - root - INFO - Criando mensagem: 0_(1-3)
2022-11-02 11:33:03,599 - root - INFO - Criando mensagem: 0_(1-5)
2022-11-02 11:33:03,600 - root - INFO - Criando mensagem: 0_(1-6)
2022-11-02 11:33:03,600 - root - INFO - Criando mensagem: 0_(1-7)
2022-11-02 11:33:03,600 - root - INFO - Total de mensagens criadas: 9
2022-11-02 11:33:03,600 - root - INFO - Criando mensagem: M.USER.APP.1
2022-11-02 11:33:03,600 - root - INFO - Criando mensagem: 1_(9-10)
2022-11-02 11:33:03,600 - root - INFO - Criando mensagem: 1_(9-11)
2022-11-02 11:33:03,600 - root - INFO - Criando mensagem: 1_(9-12)
2022-11-02 11:33:03,600 - root - INFO - Criando mensagem: 1_(9-13)
2022-11-02 11:33:03,600 - root - INFO - Criando mensagem: 1_(9-15)
2022-11-02 11:33:03,600 - root - INFO - Criando mensagem: 1_(9-18)
2022-11-02 11:33:03,600 - root - INFO - Criando mensagem: 1_(12-16)
2022-11-02 11:33:03,600 - root - INFO - Criando mensagem: 1_(12-14)
2022-11-02 11:33:03,600 - root - INFO - Criando mensagem: 1_(13-17)
2022-11-02 11:33:03,601 - root - INFO - Total de mensagens criadas: 10
2022-11-02 11:33:03,602 - placementCloud - INFO -  Placement Initialization of Cloud Alloc in NodeCLOUD: 3
2022-11-02 11:33:03,602 - MCDAPathSelection - INFO -   MCDA - ELECTRE - Routing, Placement and Selection initialitzed 
2022-11-02 11:33:03,602 - jsonDynamicPopulation - INFO -  Initializating dynamic population: Dynamic_0
2022-11-02 11:33:03,603 - root - INFO - Deploying app: 0
2022-11-02 11:33:03,603 - jsonDynamicPopulation - INFO -  Initializating dynamic population: Dynamic_1
2022-11-02 11:33:03,603 - root - INFO - Deploying app: 1
2022-11-02 11:33:03,603 - root - INFO -  Performing simulation: 01 
2022-11-02 11:53:11,973 - root - INFO - Criando mensagem: M.USER.APP.0
2022-11-02 11:53:11,973 - root - INFO - Criando mensagem: 0_(0-1)
2022-11-02 11:53:11,974 - root - INFO - Criando mensagem: 0_(0-2)
2022-11-02 11:53:11,974 - root - INFO - Criando mensagem: 0_(0-4)
2022-11-02 11:53:11,974 - root - INFO - Criando mensagem: 0_(1-8)
2022-11-02 11:53:11,974 - root - INFO - Criando mensagem: 0_(1-3)
2022-11-02 11:53:11,974 - root - INFO - Criando mensagem: 0_(1-5)
2022-11-02 11:53:11,974 - root - INFO - Criando mensagem: 0_(1-6)
2022-11-02 11:53:11,974 - root - INFO - Criando mensagem: 0_(1-7)
2022-11-02 11:53:11,974 - root - INFO - Total de mensagens criadas: 9
2022-11-02 11:53:11,974 - root - INFO - Criando mensagem: M.USER.APP.1
2022-11-02 11:53:11,975 - root - INFO - Criando mensagem: 1_(9-10)
2022-11-02 11:53:11,975 - root - INFO - Criando mensagem: 1_(9-11)
2022-11-02 11:53:11,975 - root - INFO - Criando mensagem: 1_(9-12)
2022-11-02 11:53:11,975 - root - INFO - Criando mensagem: 1_(9-13)
2022-11-02 11:53:11,975 - root - INFO - Criando mensagem: 1_(9-15)
2022-11-02 11:53:11,975 - root - INFO - Criando mensagem: 1_(9-18)
2022-11-02 11:53:11,975 - root - INFO - Criando mensagem: 1_(12-16)
2022-11-02 11:53:11,975 - root - INFO - Criando mensagem: 1_(12-14)
2022-11-02 11:53:11,975 - root - INFO - Criando mensagem: 1_(13-17)
2022-11-02 11:53:11,975 - root - INFO - Total de mensagens criadas: 10
2022-11-02 11:53:11,976 - placementCloud - INFO -  Placement Initialization of Cloud Alloc in NodeCLOUD: 3
2022-11-02 11:53:11,976 - MCDAPathSelection - INFO -   MCDA - ELECTRE - Routing, Placement and Selection initialitzed 
2022-11-02 11:53:11,977 - jsonDynamicPopulation - INFO -  Initializating dynamic population: Dynamic_0
2022-11-02 11:53:11,977 - root - INFO - Deploying app: 0
2022-11-02 11:53:11,978 - jsonDynamicPopulation - INFO -  Initializating dynamic population: Dynamic_1
2022-11-02 11:53:11,978 - root - INFO - Deploying app: 1
2022-11-02 11:53:11,978 - root - INFO -  Performing simulation: 01 
2022-11-02 11:53:11,982 - root - INFO -  End of Simulation
2022-11-02 11:53:39,045 - root - INFO - Criando mensagem: M.USER.APP.0
2022-11-02 11:53:39,045 - root - INFO - Criando mensagem: 0_(0-1)
2022-11-02 11:53:39,045 - root - INFO - Criando mensagem: 0_(0-2)
2022-11-02 11:53:39,045 - root - INFO - Criando mensagem: 0_(0-4)
2022-11-02 11:53:39,045 - root - INFO - Criando mensagem: 0_(1-8)
2022-11-02 11:53:39,045 - root - INFO - Criando mensagem: 0_(1-3)
2022-11-02 11:53:39,045 - root - INFO - Criando mensagem: 0_(1-5)
2022-11-02 11:53:39,045 - root - INFO - Criando mensagem: 0_(1-6)
2022-11-02 11:53:39,046 - root - INFO - Criando mensagem: 0_(1-7)
2022-11-02 11:53:39,046 - root - INFO - Total de mensagens criadas: 9
2022-11-02 11:53:39,046 - root - INFO - Criando mensagem: M.USER.APP.1
2022-11-02 11:53:39,046 - root - INFO - Criando mensagem: 1_(9-10)
2022-11-02 11:53:39,046 - root - INFO - Criando mensagem: 1_(9-11)
2022-11-02 11:53:39,046 - root - INFO - Criando mensagem: 1_(9-12)
2022-11-02 11:53:39,046 - root - INFO - Criando mensagem: 1_(9-13)
2022-11-02 11:53:39,046 - root - INFO - Criando mensagem: 1_(9-15)
2022-11-02 11:53:39,046 - root - INFO - Criando mensagem: 1_(9-18)
2022-11-02 11:53:39,046 - root - INFO - Criando mensagem: 1_(12-16)
2022-11-02 11:53:39,046 - root - INFO - Criando mensagem: 1_(12-14)
2022-11-02 11:53:39,046 - root - INFO - Criando mensagem: 1_(13-17)
2022-11-02 11:53:39,046 - root - INFO - Total de mensagens criadas: 10
2022-11-02 11:53:39,047 - placementCloud - INFO -  Placement Initialization of Cloud Alloc in NodeCLOUD: 3
2022-11-02 11:53:39,047 - MCDAPathSelection - INFO -   MCDA - ELECTRE - Routing, Placement and Selection initialitzed 
2022-11-02 11:53:39,048 - jsonDynamicPopulation - INFO -  Initializating dynamic population: Dynamic_0
2022-11-02 11:53:39,048 - root - INFO - Deploying app: 0
2022-11-02 11:53:39,048 - jsonDynamicPopulation - INFO -  Initializating dynamic population: Dynamic_1
2022-11-02 11:53:39,048 - root - INFO - Deploying app: 1
2022-11-02 11:53:39,048 - root - INFO -  Performing simulation: 01 
2022-11-02 11:53:39,058 - root - INFO -  End of Simulation
2022-11-02 11:58:01,080 - root - INFO - Criando mensagem: M.USER.APP.0
2022-11-02 11:58:01,081 - root - INFO - Criando mensagem: 0_(0-1)
2022-11-02 11:58:01,081 - root - INFO - Criando mensagem: 0_(0-2)
2022-11-02 11:58:01,081 - root - INFO - Criando mensagem: 0_(0-4)
2022-11-02 11:58:01,081 - root - INFO - Criando mensagem: 0_(1-8)
2022-11-02 11:58:01,081 - root - INFO - Criando mensagem: 0_(1-3)
2022-11-02 11:58:01,081 - root - INFO - Criando mensagem: 0_(1-5)
2022-11-02 11:58:01,081 - root - INFO - Criando mensagem: 0_(1-6)
2022-11-02 11:58:01,081 - root - INFO - Criando mensagem: 0_(1-7)
2022-11-02 11:58:01,081 - root - INFO - Total de mensagens criadas: 9
2022-11-02 11:58:01,081 - root - INFO - Criando mensagem: M.USER.APP.1
2022-11-02 11:58:01,081 - root - INFO - Criando mensagem: 1_(9-10)
2022-11-02 11:58:01,081 - root - INFO - Criando mensagem: 1_(9-11)
2022-11-02 11:58:01,081 - root - INFO - Criando mensagem: 1_(9-12)
2022-11-02 11:58:01,082 - root - INFO - Criando mensagem: 1_(9-13)
2022-11-02 11:58:01,082 - root - INFO - Criando mensagem: 1_(9-15)
2022-11-02 11:58:01,082 - root - INFO - Criando mensagem: 1_(9-18)
2022-11-02 11:58:01,082 - root - INFO - Criando mensagem: 1_(12-16)
2022-11-02 11:58:01,082 - root - INFO - Criando mensagem: 1_(12-14)
2022-11-02 11:58:01,082 - root - INFO - Criando mensagem: 1_(13-17)
2022-11-02 11:58:01,082 - root - INFO - Total de mensagens criadas: 10
2022-11-02 11:58:01,084 - placementCloud - INFO -  Placement Initialization of Cloud Alloc in NodeCLOUD: 3
2022-11-02 11:58:01,084 - MCDAPathSelection - INFO -   MCDA - ELECTRE - Routing, Placement and Selection initialitzed 
2022-11-02 11:58:01,085 - jsonDynamicPopulation - INFO -  Initializating dynamic population: Dynamic_0
2022-11-02 11:58:01,086 - root - INFO - Deploying app: 0
2022-11-02 11:58:01,086 - jsonDynamicPopulation - INFO -  Initializating dynamic population: Dynamic_1
2022-11-02 11:58:01,086 - root - INFO - Deploying app: 1
2022-11-02 11:58:01,086 - root - INFO -  Performing simulation: 01 
2022-11-02 11:58:01,100 - root - INFO -  End of Simulation
2022-11-02 12:10:57,220 - root - INFO - Criando mensagem: M.USER.APP.0
2022-11-02 12:10:57,221 - root - INFO - Criando mensagem: 0_(0-1)
2022-11-02 12:10:57,221 - root - INFO - Criando mensagem: 0_(0-2)
2022-11-02 12:10:57,221 - root - INFO - Criando mensagem: 0_(0-4)
2022-11-02 12:10:57,221 - root - INFO - Criando mensagem: 0_(1-8)
2022-11-02 12:10:57,221 - root - INFO - Criando mensagem: 0_(1-3)
2022-11-02 12:10:57,221 - root - INFO - Criando mensagem: 0_(1-5)
2022-11-02 12:10:57,221 - root - INFO - Criando mensagem: 0_(1-6)
2022-11-02 12:10:57,221 - root - INFO - Criando mensagem: 0_(1-7)
2022-11-02 12:10:57,221 - root - INFO - Total de mensagens criadas: 9
2022-11-02 12:10:57,221 - root - INFO - Criando mensagem: M.USER.APP.1
2022-11-02 12:10:57,221 - root - INFO - Criando mensagem: 1_(9-10)
2022-11-02 12:10:57,221 - root - INFO - Criando mensagem: 1_(9-11)
2022-11-02 12:10:57,221 - root - INFO - Criando mensagem: 1_(9-12)
2022-11-02 12:10:57,221 - root - INFO - Criando mensagem: 1_(9-13)
2022-11-02 12:10:57,222 - root - INFO - Criando mensagem: 1_(9-15)
2022-11-02 12:10:57,222 - root - INFO - Criando mensagem: 1_(9-18)
2022-11-02 12:10:57,222 - root - INFO - Criando mensagem: 1_(12-16)
2022-11-02 12:10:57,222 - root - INFO - Criando mensagem: 1_(12-14)
2022-11-02 12:10:57,222 - root - INFO - Criando mensagem: 1_(13-17)
2022-11-02 12:10:57,222 - root - INFO - Total de mensagens criadas: 10
2022-11-02 12:10:57,222 - placementCloud - INFO -  Placement Initialization of Cloud Alloc in NodeCLOUD: 3
2022-11-02 12:10:57,222 - MCDAPathSelection - INFO -   MCDA - ELECTRE - Routing, Placement and Selection initialitzed 
2022-11-02 12:10:57,222 - yafs.core - INFO -   YAFS Core Initialized 
2022-11-02 12:10:57,223 - jsonDynamicPopulation - INFO -  Initializating dynamic population: Dynamic_0
2022-11-02 12:10:57,223 - root - INFO - Deploying app: 0
2022-11-02 12:10:57,223 - jsonDynamicPopulation - INFO -  Initializating dynamic population: Dynamic_1
2022-11-02 12:10:57,223 - root - INFO - Deploying app: 1
2022-11-02 12:10:57,224 - root - INFO -  Performing simulation: 01 
2022-11-02 12:10:57,232 - root - INFO -  End of Simulation
2022-11-02 12:18:21,175 - root - INFO - Criando mensagem: M.USER.APP.0
2022-11-02 12:18:21,175 - root - INFO - Criando mensagem: 0_(0-1)
2022-11-02 12:18:21,175 - root - INFO - Criando mensagem: 0_(0-2)
2022-11-02 12:18:21,175 - root - INFO - Criando mensagem: 0_(0-4)
2022-11-02 12:18:21,175 - root - INFO - Criando mensagem: 0_(1-8)
2022-11-02 12:18:21,175 - root - INFO - Criando mensagem: 0_(1-3)
2022-11-02 12:18:21,175 - root - INFO - Criando mensagem: 0_(1-5)
2022-11-02 12:18:21,175 - root - INFO - Criando mensagem: 0_(1-6)
2022-11-02 12:18:21,175 - root - INFO - Criando mensagem: 0_(1-7)
2022-11-02 12:18:21,175 - root - INFO - Total de mensagens criadas: 9
2022-11-02 12:18:21,175 - root - INFO - Criando mensagem: M.USER.APP.1
2022-11-02 12:18:21,176 - root - INFO - Criando mensagem: 1_(9-10)
2022-11-02 12:18:21,176 - root - INFO - Criando mensagem: 1_(9-11)
2022-11-02 12:18:21,176 - root - INFO - Criando mensagem: 1_(9-12)
2022-11-02 12:18:21,176 - root - INFO - Criando mensagem: 1_(9-13)
2022-11-02 12:18:21,176 - root - INFO - Criando mensagem: 1_(9-15)
2022-11-02 12:18:21,176 - root - INFO - Criando mensagem: 1_(9-18)
2022-11-02 12:18:21,176 - root - INFO - Criando mensagem: 1_(12-16)
2022-11-02 12:18:21,176 - root - INFO - Criando mensagem: 1_(12-14)
2022-11-02 12:18:21,176 - root - INFO - Criando mensagem: 1_(13-17)
2022-11-02 12:18:21,176 - root - INFO - Total de mensagens criadas: 10
2022-11-02 12:18:21,177 - placementCloud - INFO -  Placement Initialization of Cloud Alloc in NodeCLOUD: 3
2022-11-02 12:18:21,177 - MCDAPathSelection - INFO -   MCDA - ELECTRE - Routing, Placement and Selection initialitzed 
2022-11-02 12:18:21,177 - yafs.core - INFO -   YAFS Core Initialized 
2022-11-02 12:18:21,177 - jsonDynamicPopulation - INFO -  Initializating dynamic population: Dynamic_0
2022-11-02 12:18:21,177 - yafs.core - INFO -  Deploy App Init 
2022-11-02 12:18:21,178 - root - INFO - Deploying app: 0
2022-11-02 12:18:21,178 - jsonDynamicPopulation - INFO -  Initializating dynamic population: Dynamic_1
2022-11-02 12:18:21,178 - yafs.core - INFO -  Deploy App Init 
2022-11-02 12:18:21,178 - root - INFO - Deploying app: 1
2022-11-02 12:18:21,178 - root - INFO -  Performing simulation: 01 
2022-11-02 12:18:21,178 - yafs.core - INFO -  Simulation Run 
2022-11-02 12:18:21,178 - yafs.core - INFO -  Placement Policy Initial Allocation 
2022-11-02 12:18:21,179 - yafs.core - INFO -  Placement Policy Initial Allocation 
2022-11-02 12:18:21,187 - root - INFO -  End of Simulation
2022-11-02 12:37:00,643 - root - INFO - Criando mensagem: M.USER.APP.0
2022-11-02 12:37:00,644 - root - INFO - Criando mensagem: 0_(0-1)
2022-11-02 12:37:00,644 - root - INFO - Criando mensagem: 0_(0-2)
2022-11-02 12:37:00,644 - root - INFO - Criando mensagem: 0_(0-4)
2022-11-02 12:37:00,644 - root - INFO - Criando mensagem: 0_(1-8)
2022-11-02 12:37:00,644 - root - INFO - Criando mensagem: 0_(1-3)
2022-11-02 12:37:00,644 - root - INFO - Criando mensagem: 0_(1-5)
2022-11-02 12:37:00,644 - root - INFO - Criando mensagem: 0_(1-6)
2022-11-02 12:37:00,645 - root - INFO - Criando mensagem: 0_(1-7)
2022-11-02 12:37:00,645 - root - INFO - Total de mensagens criadas: 9
2022-11-02 12:37:00,645 - root - INFO - Criando mensagem: M.USER.APP.1
2022-11-02 12:37:00,645 - root - INFO - Criando mensagem: 1_(9-10)
2022-11-02 12:37:00,645 - root - INFO - Criando mensagem: 1_(9-11)
2022-11-02 12:37:00,645 - root - INFO - Criando mensagem: 1_(9-12)
2022-11-02 12:37:00,645 - root - INFO - Criando mensagem: 1_(9-13)
2022-11-02 12:37:00,645 - root - INFO - Criando mensagem: 1_(9-15)
2022-11-02 12:37:00,645 - root - INFO - Criando mensagem: 1_(9-18)
2022-11-02 12:37:00,645 - root - INFO - Criando mensagem: 1_(12-16)
2022-11-02 12:37:00,645 - root - INFO - Criando mensagem: 1_(12-14)
2022-11-02 12:37:00,645 - root - INFO - Criando mensagem: 1_(13-17)
2022-11-02 12:37:00,646 - root - INFO - Total de mensagens criadas: 10
2022-11-02 12:37:00,647 - placementCloud - INFO -  Placement Initialization of Cloud Alloc in NodeCLOUD: 3
2022-11-02 12:37:00,647 - MCDAPathSelection - INFO -   MCDA - ELECTRE - Routing, Placement and Selection initialitzed 
2022-11-02 12:37:00,647 - yafs.core - INFO -   YAFS Core Initialized 
2022-11-02 12:37:00,649 - jsonDynamicPopulation - INFO -  Initializating dynamic population: Dynamic_0
2022-11-02 12:37:00,649 - yafs.core - INFO -  Deploy App Init 
2022-11-02 12:37:00,649 - root - INFO - Deploying app: 0
2022-11-02 12:37:00,649 - jsonDynamicPopulation - INFO -  Initializating dynamic population: Dynamic_1
2022-11-02 12:37:00,649 - yafs.core - INFO -  Deploy App Init 
2022-11-02 12:37:00,649 - root - INFO - Deploying app: 1
2022-11-02 12:37:00,649 - root - INFO -  Performing simulation: 01 
2022-11-02 12:37:00,649 - yafs.core - INFO -  Simulation Run 
2022-11-02 12:37:00,650 - yafs.core - INFO -  Placement Policy Initial Allocation 
2022-11-02 12:37:00,651 - yafs.core - INFO -  Placement Policy Initial Allocation 
2022-11-02 12:37:00,669 - root - INFO -  End of Simulation
2022-11-02 12:37:58,127 - root - INFO - Criando mensagem: M.USER.APP.0
